2023-06-26 13:25:11.408 [info] Log level: Info
2023-06-26 13:25:11.408 [info] Validating found git in: "git"
2023-06-26 13:25:11.408 [info] Using git "2.41.0" from "git"
2023-06-26 13:25:11.408 [info] > git rev-parse --show-toplevel [34ms]
2023-06-26 13:25:11.408 [info] fatal: not a git repository (or any parent up to mount point /)
Stopping at filesystem boundary (GIT_DISCOVERY_ACROSS_FILESYSTEM not set).
2023-06-26 13:25:11.408 [info] > git rev-parse --show-toplevel [21ms]
2023-06-26 13:25:11.408 [info] fatal: not a git repository (or any parent up to mount point /)
Stopping at filesystem boundary (GIT_DISCOVERY_ACROSS_FILESYSTEM not set).
2023-06-26 13:25:11.408 [info] > git rev-parse --show-toplevel [17ms]
2023-06-26 13:25:11.408 [info] fatal: not a git repository (or any parent up to mount point /)
Stopping at filesystem boundary (GIT_DISCOVERY_ACROSS_FILESYSTEM not set).
2023-06-26 13:25:11.409 [info] > git rev-parse --show-toplevel [19ms]
2023-06-26 13:25:11.409 [info] fatal: not a git repository (or any parent up to mount point /)
Stopping at filesystem boundary (GIT_DISCOVERY_ACROSS_FILESYSTEM not set).
2023-06-26 13:25:11.466 [info] > git rev-parse --show-toplevel [50ms]
2023-06-26 13:25:11.466 [info] fatal: not a git repository (or any parent up to mount point /)
Stopping at filesystem boundary (GIT_DISCOVERY_ACROSS_FILESYSTEM not set).
2023-06-26 13:25:11.652 [info] > git rev-parse --show-toplevel [181ms]
2023-06-26 13:25:11.720 [info] > git rev-parse --git-dir --git-common-dir [60ms]
2023-06-26 13:25:11.725 [info] Open repository: /home/BenjiSomur/Documents/Master/4period/LANIA/DGEU/Convocatoria/dgeu-deev
2023-06-26 13:25:11.762 [info] > git rev-parse --show-toplevel [30ms]
2023-06-26 13:25:11.762 [info] fatal: not a git repository (or any of the parent directories): .git
2023-06-26 13:25:11.792 [info] > git rev-parse --show-toplevel [24ms]
2023-06-26 13:25:11.798 [info] > git config --get commit.template [36ms]
2023-06-26 13:25:11.806 [info] > git rev-parse --git-dir --git-common-dir [9ms]
2023-06-26 13:25:11.810 [info] Open repository: /home/BenjiSomur/Documents/Master/Research project/HEGAcluster/HEGACluster
2023-06-26 13:25:11.836 [info] > git rev-parse --show-toplevel [19ms]
2023-06-26 13:25:11.836 [info] fatal: not a git repository (or any parent up to mount point /)
Stopping at filesystem boundary (GIT_DISCOVERY_ACROSS_FILESYSTEM not set).
2023-06-26 13:25:11.853 [info] > git rev-parse --show-toplevel [11ms]
2023-06-26 13:25:11.862 [info] > git config --get commit.template [26ms]
2023-06-26 13:25:11.862 [info] > git for-each-ref --format=%(refname)%00%(upstream:short)%00%(objectname)%00%(upstream:track)%00%(upstream:remotename)%00%(upstream:remoteref) refs/heads/dashboard refs/remotes/dashboard [34ms]
2023-06-26 13:25:11.883 [info] > git status -z -uall [14ms]
2023-06-26 13:25:11.905 [info] > git rev-parse --show-toplevel [44ms]
2023-06-26 13:25:11.905 [info] fatal: not a git repository (or any parent up to mount point /)
Stopping at filesystem boundary (GIT_DISCOVERY_ACROSS_FILESYSTEM not set).
2023-06-26 13:25:12.062 [info] > git rev-parse --show-toplevel [152ms]
2023-06-26 13:25:12.062 [info] fatal: not a git repository (or any parent up to mount point /)
Stopping at filesystem boundary (GIT_DISCOVERY_ACROSS_FILESYSTEM not set).
2023-06-26 13:25:12.114 [info] > git rev-parse --show-toplevel [47ms]
2023-06-26 13:25:12.114 [info] fatal: not a git repository (or any parent up to mount point /)
Stopping at filesystem boundary (GIT_DISCOVERY_ACROSS_FILESYSTEM not set).
2023-06-26 13:25:12.121 [info] > git for-each-ref --format=%(refname)%00%(upstream:short)%00%(objectname)%00%(upstream:track)%00%(upstream:remotename)%00%(upstream:remoteref) refs/heads/main refs/remotes/main [62ms]
2023-06-26 13:25:12.150 [info] > git rev-parse --show-toplevel [30ms]
2023-06-26 13:25:12.150 [info] fatal: not a git repository (or any parent up to mount point /)
Stopping at filesystem boundary (GIT_DISCOVERY_ACROSS_FILESYSTEM not set).
2023-06-26 13:25:12.165 [info] > git config --get commit.template [56ms]
2023-06-26 13:25:12.188 [info] > git rev-parse --show-toplevel [24ms]
2023-06-26 13:25:12.189 [info] fatal: not a git repository (or any parent up to mount point /)
Stopping at filesystem boundary (GIT_DISCOVERY_ACROSS_FILESYSTEM not set).
2023-06-26 13:25:12.196 [info] > git rev-parse --show-toplevel [2ms]
2023-06-26 13:25:12.196 [info] fatal: not a git repository (or any of the parent directories): .git
2023-06-26 13:25:12.203 [info] > git for-each-ref --format=%(refname)%00%(upstream:short)%00%(objectname)%00%(upstream:track)%00%(upstream:remotename)%00%(upstream:remoteref) refs/heads/dashboard refs/remotes/dashboard [15ms]
2023-06-26 13:25:12.213 [info] > git rev-parse --show-toplevel [10ms]
2023-06-26 13:25:12.213 [info] fatal: not a git repository (or any parent up to mount point /)
Stopping at filesystem boundary (GIT_DISCOVERY_ACROSS_FILESYSTEM not set).
2023-06-26 13:25:12.219 [info] > git status -z -uall [9ms]
2023-06-26 13:25:12.242 [info] > git rev-parse --show-toplevel [24ms]
2023-06-26 13:25:12.242 [info] fatal: not a git repository (or any parent up to mount point /)
Stopping at filesystem boundary (GIT_DISCOVERY_ACROSS_FILESYSTEM not set).
2023-06-26 13:25:12.253 [info] > git rev-parse --show-toplevel [5ms]
2023-06-26 13:25:12.253 [info] fatal: not a git repository (or any parent up to mount point /)
Stopping at filesystem boundary (GIT_DISCOVERY_ACROSS_FILESYSTEM not set).
2023-06-26 13:25:12.259 [info] > git rev-parse --show-toplevel [1ms]
2023-06-26 13:25:12.266 [info] > git rev-parse --git-dir --git-common-dir [2ms]
2023-06-26 13:25:12.269 [info] Open repository: /home/BenjiSomur/Documents/Projects/javascript/complete-javascript-course
2023-06-26 13:25:12.282 [info] > git config --get commit.template [2ms]
2023-06-26 13:25:12.282 [info] > git rev-parse --show-toplevel [8ms]
2023-06-26 13:25:12.282 [info] fatal: not a git repository (or any parent up to mount point /)
Stopping at filesystem boundary (GIT_DISCOVERY_ACROSS_FILESYSTEM not set).
2023-06-26 13:25:12.288 [info] > git rev-parse --show-toplevel [1ms]
2023-06-26 13:25:12.289 [info] fatal: not a git repository (or any parent up to mount point /)
Stopping at filesystem boundary (GIT_DISCOVERY_ACROSS_FILESYSTEM not set).
2023-06-26 13:25:12.301 [info] > git rev-parse --show-toplevel [6ms]
2023-06-26 13:25:12.301 [info] fatal: not a git repository (or any parent up to mount point /)
Stopping at filesystem boundary (GIT_DISCOVERY_ACROSS_FILESYSTEM not set).
2023-06-26 13:25:12.316 [info] > git rev-parse --show-toplevel [10ms]
2023-06-26 13:25:12.322 [info] > git for-each-ref --format=%(refname)%00%(upstream:short)%00%(objectname)%00%(upstream:track)%00%(upstream:remotename)%00%(upstream:remoteref) refs/heads/master refs/remotes/master [22ms]
2023-06-26 13:25:12.332 [info] > git check-ignore -v -z --stdin [17ms]
2023-06-26 13:25:12.334 [info] > git rev-parse --git-dir --git-common-dir [13ms]
2023-06-26 13:25:12.338 [info] Open repository: /home/BenjiSomur/Documents/Projects/javascript/nodejs/complete-node-bootcamp
2023-06-26 13:25:12.363 [info] > git config --get commit.template [9ms]
2023-06-26 13:25:12.364 [info] > git rev-parse --show-toplevel [17ms]
2023-06-26 13:25:12.364 [info] fatal: not a git repository (or any parent up to mount point /)
Stopping at filesystem boundary (GIT_DISCOVERY_ACROSS_FILESYSTEM not set).
2023-06-26 13:25:12.377 [info] > git rev-parse --show-toplevel [6ms]
2023-06-26 13:25:12.377 [info] fatal: not a git repository (or any parent up to mount point /)
Stopping at filesystem boundary (GIT_DISCOVERY_ACROSS_FILESYSTEM not set).
2023-06-26 13:25:12.395 [info] > git rev-parse --show-toplevel [9ms]
2023-06-26 13:25:12.395 [info] fatal: not a git repository (or any parent up to mount point /)
Stopping at filesystem boundary (GIT_DISCOVERY_ACROSS_FILESYSTEM not set).
2023-06-26 13:25:12.403 [info] > git rev-parse --show-toplevel [3ms]
2023-06-26 13:25:12.403 [info] fatal: not a git repository (or any parent up to mount point /)
Stopping at filesystem boundary (GIT_DISCOVERY_ACROSS_FILESYSTEM not set).
2023-06-26 13:25:12.410 [info] > git for-each-ref --format=%(refname)%00%(upstream:short)%00%(objectname)%00%(upstream:track)%00%(upstream:remotename)%00%(upstream:remoteref) refs/heads/master refs/remotes/master [16ms]
2023-06-26 13:25:12.417 [info] > git rev-parse --show-toplevel [7ms]
2023-06-26 13:25:12.417 [info] fatal: not a git repository (or any parent up to mount point /)
Stopping at filesystem boundary (GIT_DISCOVERY_ACROSS_FILESYSTEM not set).
2023-06-26 13:25:12.426 [info] > git rev-parse --show-toplevel [2ms]
2023-06-26 13:25:12.426 [info] fatal: not a git repository (or any parent up to mount point /)
Stopping at filesystem boundary (GIT_DISCOVERY_ACROSS_FILESYSTEM not set).
2023-06-26 13:25:12.435 [info] > git rev-parse --show-toplevel [0ms]
2023-06-26 13:25:12.435 [info] fatal: not a git repository (or any parent up to mount point /)
Stopping at filesystem boundary (GIT_DISCOVERY_ACROSS_FILESYSTEM not set).
2023-06-26 13:25:12.446 [info] > git rev-parse --show-toplevel [3ms]
2023-06-26 13:25:12.446 [info] fatal: not a git repository (or any parent up to mount point /)
Stopping at filesystem boundary (GIT_DISCOVERY_ACROSS_FILESYSTEM not set).
2023-06-26 13:25:12.455 [info] > git rev-parse --show-toplevel [1ms]
2023-06-26 13:25:12.466 [info] > git rev-parse --show-toplevel [4ms]
2023-06-26 13:25:12.466 [info] fatal: not a git repository (or any of the parent directories): .git
2023-06-26 13:25:12.474 [info] > git rev-parse --show-toplevel [1ms]
2023-06-26 13:25:12.474 [info] fatal: not a git repository (or any of the parent directories): .git
2023-06-26 13:25:12.484 [info] > git rev-parse --show-toplevel [3ms]
2023-06-26 13:25:12.484 [info] fatal: not a git repository (or any of the parent directories): .git
2023-06-26 13:25:12.497 [info] > git rev-parse --show-toplevel [6ms]
2023-06-26 13:25:12.497 [info] fatal: not a git repository (or any of the parent directories): .git
2023-06-26 13:25:15.379 [info] > git status -z -uall [3248ms] (cancelled)
2023-06-26 13:25:15.379 [info] > git status -z -uall [3050ms]
2023-06-26 13:25:15.379 [info] > git status -z -uall [2963ms]
2023-06-26 13:25:15.379 [info] > git check-ignore -v -z --stdin [40ms]
2023-06-26 13:25:15.410 [info] > git rev-parse --show-toplevel [2906ms]
2023-06-26 13:25:15.410 [info] fatal: not a git repository (or any of the parent directories): .git
2023-06-26 13:25:15.563 [info] > git rev-parse --show-toplevel [127ms]
2023-06-26 13:25:15.580 [info] > git config --get commit.template [224ms]
2023-06-26 13:25:15.631 [info] > git rev-parse --show-toplevel [51ms]
2023-06-26 13:25:15.652 [info] > git config --get commit.template [100ms]
2023-06-26 13:25:15.652 [info] > git config --get commit.template [122ms]
2023-06-26 13:25:15.803 [info] > git rev-parse --show-toplevel [151ms]
2023-06-26 13:25:15.803 [info] fatal: not a git repository (or any parent up to mount point /)
Stopping at filesystem boundary (GIT_DISCOVERY_ACROSS_FILESYSTEM not set).
2023-06-26 13:25:15.835 [info] > git rev-parse --show-toplevel [21ms]
2023-06-26 13:25:15.835 [info] fatal: not a git repository (or any parent up to mount point /)
Stopping at filesystem boundary (GIT_DISCOVERY_ACROSS_FILESYSTEM not set).
2023-06-26 13:25:15.846 [info] > git for-each-ref --format=%(refname)%00%(upstream:short)%00%(objectname)%00%(upstream:track)%00%(upstream:remotename)%00%(upstream:remoteref) refs/heads/main refs/remotes/main [48ms]
2023-06-26 13:25:15.859 [info] > git rev-parse --show-toplevel [13ms]
2023-06-26 13:25:15.859 [info] fatal: not a git repository (or any parent up to mount point /)
Stopping at filesystem boundary (GIT_DISCOVERY_ACROSS_FILESYSTEM not set).
2023-06-26 13:25:15.906 [info] > git for-each-ref --format=%(refname)%00%(upstream:short)%00%(objectname)%00%(upstream:track)%00%(upstream:remotename)%00%(upstream:remoteref) refs/heads/master refs/remotes/master [73ms]
2023-06-26 13:25:15.920 [info] > git for-each-ref --format=%(refname)%00%(upstream:short)%00%(objectname)%00%(upstream:track)%00%(upstream:remotename)%00%(upstream:remoteref) refs/heads/master refs/remotes/master [98ms]
2023-06-26 13:25:15.935 [info] > git show --textconv :app/public/DEEV/dashboard/js/dashboard.js [42ms]
2023-06-26 13:25:15.935 [info] > git ls-files --stage -- /home/BenjiSomur/Documents/Master/4period/LANIA/DGEU/Convocatoria/dgeu-deev/app/public/DEEV/dashboard/js/dashboard.js [29ms]
2023-06-26 13:25:15.949 [info] > git rev-parse --show-toplevel [78ms]
2023-06-26 13:25:15.949 [info] fatal: not a git repository (or any parent up to mount point /)
Stopping at filesystem boundary (GIT_DISCOVERY_ACROSS_FILESYSTEM not set).
2023-06-26 13:25:15.962 [info] > git rev-parse --show-toplevel [3ms]
2023-06-26 13:25:15.962 [info] fatal: not a git repository (or any parent up to mount point /)
Stopping at filesystem boundary (GIT_DISCOVERY_ACROSS_FILESYSTEM not set).
2023-06-26 13:25:15.979 [info] > git cat-file -s 297b6dd5db9e3808effccd7346711bc0a4c481fd [31ms]
2023-06-26 13:25:16.110 [info] > git rev-parse --show-toplevel [131ms]
2023-06-26 13:25:16.110 [info] fatal: not a git repository (or any parent up to mount point /)
Stopping at filesystem boundary (GIT_DISCOVERY_ACROSS_FILESYSTEM not set).
2023-06-26 13:25:16.127 [info] > git rev-parse --show-toplevel [4ms]
2023-06-26 13:25:16.127 [info] fatal: not a git repository (or any parent up to mount point /)
Stopping at filesystem boundary (GIT_DISCOVERY_ACROSS_FILESYSTEM not set).
2023-06-26 13:25:16.144 [info] > git status -z -uall [223ms]
2023-06-26 13:25:16.144 [info] > git rev-parse --show-toplevel [5ms]
2023-06-26 13:25:16.144 [info] fatal: not a git repository (or any parent up to mount point /)
Stopping at filesystem boundary (GIT_DISCOVERY_ACROSS_FILESYSTEM not set).
2023-06-26 13:25:16.287 [info] > git status -z -uall [355ms]
2023-06-26 13:25:16.287 [info] > git rev-parse --show-toplevel [128ms]
2023-06-26 13:25:16.287 [info] fatal: not a git repository (or any of the parent directories): .git
2023-06-26 13:25:16.304 [info] > git rev-parse --show-toplevel [4ms]
2023-06-26 13:25:16.304 [info] fatal: not a git repository (or any parent up to mount point /)
Stopping at filesystem boundary (GIT_DISCOVERY_ACROSS_FILESYSTEM not set).
2023-06-26 13:25:16.346 [info] > git rev-parse --show-toplevel [25ms]
2023-06-26 13:25:16.346 [info] fatal: not a git repository (or any parent up to mount point /)
Stopping at filesystem boundary (GIT_DISCOVERY_ACROSS_FILESYSTEM not set).
2023-06-26 13:25:17.444 [info] > git status -z -uall [1588ms] (cancelled)
2023-06-26 13:25:17.444 [info] > git rev-parse --show-toplevel [1084ms]
2023-06-26 13:25:17.444 [info] fatal: not a git repository (or any parent up to mount point /)
Stopping at filesystem boundary (GIT_DISCOVERY_ACROSS_FILESYSTEM not set).
2023-06-26 13:25:18.839 [info] > git rev-parse --show-toplevel [1379ms]
2023-06-26 13:25:18.839 [info] fatal: not a git repository (or any parent up to mount point /)
Stopping at filesystem boundary (GIT_DISCOVERY_ACROSS_FILESYSTEM not set).
2023-06-26 13:25:18.883 [info] > git rev-parse --show-toplevel [20ms]
2023-06-26 13:25:18.883 [info] fatal: not a git repository (or any parent up to mount point /)
Stopping at filesystem boundary (GIT_DISCOVERY_ACROSS_FILESYSTEM not set).
2023-06-26 13:25:18.901 [info] > git rev-parse --show-toplevel [1ms]
2023-06-26 13:25:18.901 [info] fatal: not a git repository (or any parent up to mount point /)
Stopping at filesystem boundary (GIT_DISCOVERY_ACROSS_FILESYSTEM not set).
2023-06-26 13:25:18.921 [info] > git rev-parse --show-toplevel [4ms]
2023-06-26 13:25:18.921 [info] fatal: not a git repository (or any of the parent directories): .git
2023-06-26 13:25:18.939 [info] > git rev-parse --show-toplevel [1ms]
2023-06-26 13:25:18.940 [info] fatal: not a git repository (or any parent up to mount point /)
Stopping at filesystem boundary (GIT_DISCOVERY_ACROSS_FILESYSTEM not set).
2023-06-26 13:25:18.966 [info] > git rev-parse --show-toplevel [2ms]
2023-06-26 13:25:18.966 [info] fatal: not a git repository (or any parent up to mount point /)
Stopping at filesystem boundary (GIT_DISCOVERY_ACROSS_FILESYSTEM not set).
2023-06-26 13:25:18.985 [info] > git rev-parse --show-toplevel [2ms]
2023-06-26 13:25:18.985 [info] fatal: not a git repository (or any parent up to mount point /)
Stopping at filesystem boundary (GIT_DISCOVERY_ACROSS_FILESYSTEM not set).
2023-06-26 13:25:19.004 [info] > git rev-parse --show-toplevel [2ms]
2023-06-26 13:25:19.004 [info] fatal: not a git repository (or any parent up to mount point /)
Stopping at filesystem boundary (GIT_DISCOVERY_ACROSS_FILESYSTEM not set).
2023-06-26 13:25:19.018 [info] > git rev-parse --show-toplevel [1ms]
2023-06-26 13:25:19.018 [info] fatal: not a git repository (or any parent up to mount point /)
Stopping at filesystem boundary (GIT_DISCOVERY_ACROSS_FILESYSTEM not set).
2023-06-26 13:25:19.032 [info] > git rev-parse --show-toplevel [1ms]
2023-06-26 13:25:19.032 [info] fatal: not a git repository (or any parent up to mount point /)
Stopping at filesystem boundary (GIT_DISCOVERY_ACROSS_FILESYSTEM not set).
2023-06-26 13:25:19.051 [info] > git rev-parse --show-toplevel [1ms]
2023-06-26 13:25:19.051 [info] fatal: not a git repository (or any of the parent directories): .git
2023-06-26 13:25:19.067 [info] > git rev-parse --show-toplevel [1ms]
2023-06-26 13:25:19.067 [info] fatal: not a git repository (or any parent up to mount point /)
Stopping at filesystem boundary (GIT_DISCOVERY_ACROSS_FILESYSTEM not set).
2023-06-26 13:25:19.084 [info] > git rev-parse --show-toplevel [1ms]
2023-06-26 13:25:19.084 [info] fatal: not a git repository (or any parent up to mount point /)
Stopping at filesystem boundary (GIT_DISCOVERY_ACROSS_FILESYSTEM not set).
2023-06-26 13:25:19.100 [info] > git rev-parse --show-toplevel [1ms]
2023-06-26 13:25:19.100 [info] fatal: not a git repository (or any parent up to mount point /)
Stopping at filesystem boundary (GIT_DISCOVERY_ACROSS_FILESYSTEM not set).
2023-06-26 13:25:19.117 [info] > git rev-parse --show-toplevel [1ms]
2023-06-26 13:25:19.117 [info] fatal: not a git repository (or any parent up to mount point /)
Stopping at filesystem boundary (GIT_DISCOVERY_ACROSS_FILESYSTEM not set).
2023-06-26 13:25:19.134 [info] > git rev-parse --show-toplevel [0ms]
2023-06-26 13:25:19.134 [info] fatal: not a git repository (or any parent up to mount point /)
Stopping at filesystem boundary (GIT_DISCOVERY_ACROSS_FILESYSTEM not set).
2023-06-26 13:25:19.150 [info] > git rev-parse --show-toplevel [1ms]
2023-06-26 13:25:19.150 [info] fatal: not a git repository (or any parent up to mount point /)
Stopping at filesystem boundary (GIT_DISCOVERY_ACROSS_FILESYSTEM not set).
2023-06-26 13:25:19.167 [info] > git rev-parse --show-toplevel [1ms]
2023-06-26 13:25:19.167 [info] fatal: not a git repository (or any of the parent directories): .git
2023-06-26 13:25:19.185 [info] > git rev-parse --show-toplevel [2ms]
2023-06-26 13:25:19.185 [info] fatal: not a git repository (or any parent up to mount point /)
Stopping at filesystem boundary (GIT_DISCOVERY_ACROSS_FILESYSTEM not set).
2023-06-26 13:25:28.873 [info] > git config --get commit.template [17ms]
2023-06-26 13:25:28.875 [info] > git for-each-ref --format=%(refname)%00%(upstream:short)%00%(objectname)%00%(upstream:track)%00%(upstream:remotename)%00%(upstream:remoteref) refs/heads/dashboard refs/remotes/dashboard [3ms]
2023-06-26 13:25:28.897 [info] > git status -z -uall [8ms]
2023-06-26 13:25:42.229 [info] > git config --get commit.template [36ms]
2023-06-26 13:25:42.232 [info] > git for-each-ref --format=%(refname)%00%(upstream:short)%00%(objectname)%00%(upstream:track)%00%(upstream:remotename)%00%(upstream:remoteref) refs/heads/dashboard refs/remotes/dashboard [4ms]
2023-06-26 13:25:42.267 [info] > git status -z -uall [12ms]
2023-06-26 13:25:44.314 [info] > git check-ignore -v -z --stdin [1ms]
2023-06-26 13:25:45.164 [info] > git check-ignore -v -z --stdin [1ms]
2023-06-26 13:26:30.218 [info] > git config --get commit.template [15ms]
2023-06-26 13:26:30.220 [info] > git for-each-ref --format=%(refname)%00%(upstream:short)%00%(objectname)%00%(upstream:track)%00%(upstream:remotename)%00%(upstream:remoteref) refs/heads/dashboard refs/remotes/dashboard [4ms]
2023-06-26 13:26:30.242 [info] > git status -z -uall [13ms]
2023-06-26 13:26:32.712 [info] > git check-ignore -v -z --stdin [1ms]
2023-06-26 13:26:35.270 [info] > git config --get commit.template [10ms]
2023-06-26 13:26:35.270 [info] > git for-each-ref --format=%(refname)%00%(upstream:short)%00%(objectname)%00%(upstream:track)%00%(upstream:remotename)%00%(upstream:remoteref) refs/heads/dashboard refs/remotes/dashboard [1ms]
2023-06-26 13:26:35.284 [info] > git status -z -uall [6ms]
2023-06-26 13:26:42.763 [info] > git for-each-ref --format=%(refname)%00%(upstream:short)%00%(objectname)%00%(upstream:track)%00%(upstream:remotename)%00%(upstream:remoteref) refs/heads/dashboard refs/remotes/dashboard [3ms]
2023-06-26 13:26:42.763 [info] > git config --get commit.template [12ms]
2023-06-26 13:26:42.776 [info] > git status -z -uall [6ms]
2023-06-26 13:26:47.732 [info] > git show --textconv :app/public/DEEV/dashboard/html/menu.html [8ms]
2023-06-26 13:26:47.733 [info] > git ls-files --stage -- /home/BenjiSomur/Documents/Master/4period/LANIA/DGEU/Convocatoria/dgeu-deev/app/public/DEEV/dashboard/html/menu.html [2ms]
2023-06-26 13:26:47.741 [info] > git cat-file -s c2fbf9458ac20fcb2030736f261254836099987a [1ms]
2023-06-26 13:26:47.797 [info] > git config --get commit.template [8ms]
2023-06-26 13:26:47.798 [info] > git for-each-ref --format=%(refname)%00%(upstream:short)%00%(objectname)%00%(upstream:track)%00%(upstream:remotename)%00%(upstream:remoteref) refs/heads/dashboard refs/remotes/dashboard [1ms]
2023-06-26 13:26:47.810 [info] > git status -z -uall [6ms]
2023-06-26 13:27:00.569 [info] > git config --get commit.template [10ms]
2023-06-26 13:27:00.572 [info] > git for-each-ref --format=%(refname)%00%(upstream:short)%00%(objectname)%00%(upstream:track)%00%(upstream:remotename)%00%(upstream:remoteref) refs/heads/dashboard refs/remotes/dashboard [3ms]
2023-06-26 13:27:00.597 [info] > git status -z -uall [18ms]
