2023-06-26 10:09:47.227 [info] Experiment 'pythonPromptNewFormatterExt' is active
2023-06-26 10:09:47.227 [info] Experiment 'pythonPromptNewToolsExt' is active
2023-06-26 10:09:47.227 [info] Experiment 'pythonSurveyNotificationcf' is active
2023-06-26 10:09:47.286 [info] Test server listening.
2023-06-26 10:09:47.298 [info] > ~/anaconda3/bin/ info --json
2023-06-26 10:09:47.307 [info] > conda info --json
2023-06-26 10:09:47.308 [info] Python interpreter path: /bin/python
2023-06-26 10:09:47.504 [info] Found: /bin/python --> /bin/python3.11
2023-06-26 10:09:47.527 [info] Found: /bin/python2 --> /bin/python2.7
2023-06-26 10:09:47.533 [info] Found: /bin/python2.7 --> /bin/python2.7
2023-06-26 10:09:47.564 [info] Found: /bin/python3 --> /bin/python3.11
2023-06-26 10:09:47.565 [info] Found: /bin/python3.11 --> /bin/python3.11
2023-06-26 10:09:48.090 [info] Found: /usr/bin/python --> /usr/bin/python3.11
2023-06-26 10:09:48.164 [info] Found: /usr/bin/python2 --> /usr/bin/python2.7
2023-06-26 10:09:48.173 [info] Found: /usr/bin/python2.7 --> /usr/bin/python2.7
2023-06-26 10:09:48.378 [info] Found: /usr/bin/python3 --> /usr/bin/python3.11
2023-06-26 10:09:48.441 [info] Found: /usr/bin/python3.11 --> /usr/bin/python3.11
2023-06-26 10:09:48.665 [info] > ~/anaconda3/bin/python -I ~/.vscode/extensions/ms-python.python-2023.10.1/pythonFiles/get_output_via_markers.py ~/.vscode/extensions/ms-python.python-2023.10.1/pythonFiles/interpreterInfo.py
2023-06-26 10:09:48.889 [info] > ~/anaconda3/envs/general/bin/python -I ~/.vscode/extensions/ms-python.python-2023.10.1/pythonFiles/get_output_via_markers.py ~/.vscode/extensions/ms-python.python-2023.10.1/pythonFiles/interpreterInfo.py
2023-06-26 10:09:52.142 [info] > /usr/bin/python -I ~/.vscode/extensions/ms-python.python-2023.10.1/pythonFiles/get_output_via_markers.py ~/.vscode/extensions/ms-python.python-2023.10.1/pythonFiles/interpreterInfo.py
2023-06-26 10:09:52.409 [info] > /bin/python -I ~/.vscode/extensions/ms-python.python-2023.10.1/pythonFiles/get_output_via_markers.py ~/.vscode/extensions/ms-python.python-2023.10.1/pythonFiles/interpreterInfo.py
2023-06-26 10:09:52.439 [info] > /bin/python2 -I ~/.vscode/extensions/ms-python.python-2023.10.1/pythonFiles/get_output_via_markers.py ~/.vscode/extensions/ms-python.python-2023.10.1/pythonFiles/interpreterInfo.py
2023-06-26 10:09:52.451 [warning] [Error: Command failed: /bin/python2 -I /home/BenjiSomur/.vscode/extensions/ms-python.python-2023.10.1/pythonFiles/get_output_via_markers.py /home/BenjiSomur/.vscode/extensions/ms-python.python-2023.10.1/pythonFiles/interpreterInfo.py
Unknown option: -I
usage: /bin/python2 [option] ... [-c cmd | -m mod | file | -] [arg] ...
Try `python -h' for more information.

	at ChildProcess.exithandler (node:child_process:409:12)
	at ChildProcess.emit (node:events:513:28)
	at maybeClose (node:internal/child_process:1121:16)
	at Socket.<anonymous> (node:internal/child_process:479:11)
	at Socket.emit (node:events:513:28)
	at Pipe.<anonymous> (node:net:757:14)] {
  code: 2,
  killed: false,
  signal: null,
  cmd: '/bin/python2 -I /home/BenjiSomur/.vscode/extensions/ms-python.python-2023.10.1/pythonFiles/get_output_via_markers.py /home/BenjiSomur/.vscode/extensions/ms-python.python-2023.10.1/pythonFiles/interpreterInfo.py'
}
2023-06-26 10:09:52.451 [error] Support for Python 2.7 has been dropped by the Python extension so certain features may not work, upgrade to using Python 3.
2023-06-26 10:09:52.466 [info] > /bin/python2 ~/.vscode/extensions/ms-python.python-2023.10.1/pythonFiles/get_output_via_markers.py ~/.vscode/extensions/ms-python.python-2023.10.1/pythonFiles/interpreterInfo.py
2023-06-26 10:09:52.492 [info] > /usr/bin/python2 -I ~/.vscode/extensions/ms-python.python-2023.10.1/pythonFiles/get_output_via_markers.py ~/.vscode/extensions/ms-python.python-2023.10.1/pythonFiles/interpreterInfo.py
2023-06-26 10:09:52.494 [warning] [Error: Command failed: /usr/bin/python2 -I /home/BenjiSomur/.vscode/extensions/ms-python.python-2023.10.1/pythonFiles/get_output_via_markers.py /home/BenjiSomur/.vscode/extensions/ms-python.python-2023.10.1/pythonFiles/interpreterInfo.py
Unknown option: -I
usage: /usr/bin/python2 [option] ... [-c cmd | -m mod | file | -] [arg] ...
Try `python -h' for more information.

	at ChildProcess.exithandler (node:child_process:409:12)
	at ChildProcess.emit (node:events:513:28)
	at maybeClose (node:internal/child_process:1121:16)
	at Socket.<anonymous> (node:internal/child_process:479:11)
	at Socket.emit (node:events:513:28)
	at Pipe.<anonymous> (node:net:757:14)] {
  code: 2,
  killed: false,
  signal: null,
  cmd: '/usr/bin/python2 -I /home/BenjiSomur/.vscode/extensions/ms-python.python-2023.10.1/pythonFiles/get_output_via_markers.py /home/BenjiSomur/.vscode/extensions/ms-python.python-2023.10.1/pythonFiles/interpreterInfo.py'
}
2023-06-26 10:09:52.494 [error] Support for Python 2.7 has been dropped by the Python extension so certain features may not work, upgrade to using Python 3.
2023-06-26 10:09:52.512 [info] > /usr/bin/python2 ~/.vscode/extensions/ms-python.python-2023.10.1/pythonFiles/get_output_via_markers.py ~/.vscode/extensions/ms-python.python-2023.10.1/pythonFiles/interpreterInfo.py
2023-06-26 10:09:55.792 [info] Starting Pylance language server.
