2023-06-26 12:30:49.481 [info] Log level: Info
2023-06-26 12:30:49.481 [info] Validating found git in: "git"
2023-06-26 12:30:49.481 [info] Using git "2.41.0" from "git"
2023-06-26 12:30:49.481 [info] > git rev-parse --show-toplevel [6ms]
2023-06-26 12:30:49.481 [info] fatal: not a git repository (or any parent up to mount point /)
Stopping at filesystem boundary (GIT_DISCOVERY_ACROSS_FILESYSTEM not set).
2023-06-26 12:30:49.481 [info] > git rev-parse --show-toplevel [5ms]
2023-06-26 12:30:49.481 [info] fatal: not a git repository (or any parent up to mount point /)
Stopping at filesystem boundary (GIT_DISCOVERY_ACROSS_FILESYSTEM not set).
2023-06-26 12:30:49.481 [info] > git rev-parse --show-toplevel [5ms]
2023-06-26 12:30:49.481 [info] fatal: not a git repository (or any parent up to mount point /)
Stopping at filesystem boundary (GIT_DISCOVERY_ACROSS_FILESYSTEM not set).
2023-06-26 12:30:49.481 [info] > git rev-parse --show-toplevel [200ms]
2023-06-26 12:30:49.481 [info] fatal: not a git repository (or any parent up to mount point /)
Stopping at filesystem boundary (GIT_DISCOVERY_ACROSS_FILESYSTEM not set).
2023-06-26 12:30:49.482 [info] > git rev-parse --show-toplevel [78ms]
2023-06-26 12:30:49.482 [info] fatal: not a git repository (or any parent up to mount point /)
Stopping at filesystem boundary (GIT_DISCOVERY_ACROSS_FILESYSTEM not set).
2023-06-26 12:30:49.518 [info] > git rev-parse --show-toplevel [30ms]
2023-06-26 12:30:49.544 [info] > git rev-parse --git-dir --git-common-dir [7ms]
2023-06-26 12:30:49.549 [info] Open repository: /home/BenjiSomur/Documents/Master/4period/LANIA/DGEU/Convocatoria/dgeu-deev
2023-06-26 12:30:49.563 [info] > git rev-parse --show-toplevel [8ms]
2023-06-26 12:30:49.563 [info] fatal: not a git repository (or any of the parent directories): .git
2023-06-26 12:30:49.573 [info] > git rev-parse --show-toplevel [4ms]
2023-06-26 12:30:49.579 [info] > git config --get commit.template [17ms]
2023-06-26 12:30:49.582 [info] > git rev-parse --git-dir --git-common-dir [3ms]
2023-06-26 12:30:49.586 [info] Open repository: /home/BenjiSomur/Documents/Master/Research project/HEGAcluster/HEGACluster
2023-06-26 12:30:49.623 [info] > git rev-parse --show-toplevel [30ms]
2023-06-26 12:30:49.623 [info] fatal: not a git repository (or any parent up to mount point /)
Stopping at filesystem boundary (GIT_DISCOVERY_ACROSS_FILESYSTEM not set).
2023-06-26 12:30:49.658 [info] > git rev-parse --show-toplevel [30ms]
2023-06-26 12:30:49.665 [info] > git config --get commit.template [42ms]
2023-06-26 12:30:49.666 [info] > git for-each-ref --format=%(refname)%00%(upstream:short)%00%(objectname)%00%(upstream:track)%00%(upstream:remotename)%00%(upstream:remoteref) refs/heads/dashboard refs/remotes/dashboard [49ms]
2023-06-26 12:30:49.700 [info] > git rev-parse --show-toplevel [35ms]
2023-06-26 12:30:49.700 [info] fatal: not a git repository (or any parent up to mount point /)
Stopping at filesystem boundary (GIT_DISCOVERY_ACROSS_FILESYSTEM not set).
2023-06-26 12:30:49.720 [info] > git rev-parse --show-toplevel [13ms]
2023-06-26 12:30:49.720 [info] fatal: not a git repository (or any parent up to mount point /)
Stopping at filesystem boundary (GIT_DISCOVERY_ACROSS_FILESYSTEM not set).
2023-06-26 12:30:49.729 [info] > git rev-parse --show-toplevel [2ms]
2023-06-26 12:30:49.735 [info] > git for-each-ref --format=%(refname)%00%(upstream:short)%00%(objectname)%00%(upstream:track)%00%(upstream:remotename)%00%(upstream:remoteref) refs/heads/main refs/remotes/main [16ms]
2023-06-26 12:30:49.744 [info] > git rev-parse --git-dir --git-common-dir [10ms]
2023-06-26 12:30:49.749 [info] Open repository: /home/BenjiSomur/Documents/Projects/javascript/complete-javascript-course
2023-06-26 12:30:49.783 [info] > git rev-parse --show-toplevel [25ms]
2023-06-26 12:30:49.783 [info] fatal: not a git repository (or any parent up to mount point /)
Stopping at filesystem boundary (GIT_DISCOVERY_ACROSS_FILESYSTEM not set).
2023-06-26 12:30:49.794 [info] > git rev-parse --show-toplevel [4ms]
2023-06-26 12:30:49.794 [info] fatal: not a git repository (or any parent up to mount point /)
Stopping at filesystem boundary (GIT_DISCOVERY_ACROSS_FILESYSTEM not set).
2023-06-26 12:30:49.800 [info] > git config --get commit.template [34ms]
2023-06-26 12:30:49.801 [info] > git rev-parse --show-toplevel [2ms]
2023-06-26 12:30:49.801 [info] fatal: not a git repository (or any parent up to mount point /)
Stopping at filesystem boundary (GIT_DISCOVERY_ACROSS_FILESYSTEM not set).
2023-06-26 12:30:49.814 [info] > git rev-parse --show-toplevel [5ms]
2023-06-26 12:30:49.821 [info] > git for-each-ref --format=%(refname)%00%(upstream:short)%00%(objectname)%00%(upstream:track)%00%(upstream:remotename)%00%(upstream:remoteref) refs/heads/master refs/remotes/master [8ms]
2023-06-26 12:30:49.827 [info] > git rev-parse --git-dir --git-common-dir [7ms]
2023-06-26 12:30:49.832 [info] Open repository: /home/BenjiSomur/Documents/Projects/javascript/nodejs/complete-node-bootcamp
2023-06-26 12:30:49.850 [info] > git rev-parse --show-toplevel [9ms]
2023-06-26 12:30:49.850 [info] fatal: not a git repository (or any parent up to mount point /)
Stopping at filesystem boundary (GIT_DISCOVERY_ACROSS_FILESYSTEM not set).
2023-06-26 12:30:49.860 [info] > git rev-parse --show-toplevel [3ms]
2023-06-26 12:30:49.860 [info] fatal: not a git repository (or any parent up to mount point /)
Stopping at filesystem boundary (GIT_DISCOVERY_ACROSS_FILESYSTEM not set).
2023-06-26 12:30:49.865 [info] > git config --get commit.template [17ms]
2023-06-26 12:30:49.866 [info] > git rev-parse --show-toplevel [2ms]
2023-06-26 12:30:49.866 [info] fatal: not a git repository (or any parent up to mount point /)
Stopping at filesystem boundary (GIT_DISCOVERY_ACROSS_FILESYSTEM not set).
2023-06-26 12:30:49.876 [info] > git rev-parse --show-toplevel [5ms]
2023-06-26 12:30:49.876 [info] fatal: not a git repository (or any parent up to mount point /)
Stopping at filesystem boundary (GIT_DISCOVERY_ACROSS_FILESYSTEM not set).
2023-06-26 12:30:49.880 [info] > git for-each-ref --format=%(refname)%00%(upstream:short)%00%(objectname)%00%(upstream:track)%00%(upstream:remotename)%00%(upstream:remoteref) refs/heads/master refs/remotes/master [5ms]
2023-06-26 12:30:49.886 [info] > git rev-parse --show-toplevel [6ms]
2023-06-26 12:30:49.886 [info] fatal: not a git repository (or any parent up to mount point /)
Stopping at filesystem boundary (GIT_DISCOVERY_ACROSS_FILESYSTEM not set).
2023-06-26 12:30:49.892 [info] > git rev-parse --show-toplevel [1ms]
2023-06-26 12:30:49.892 [info] fatal: not a git repository (or any parent up to mount point /)
Stopping at filesystem boundary (GIT_DISCOVERY_ACROSS_FILESYSTEM not set).
2023-06-26 12:30:49.898 [info] > git rev-parse --show-toplevel [2ms]
2023-06-26 12:30:49.898 [info] fatal: not a git repository (or any parent up to mount point /)
Stopping at filesystem boundary (GIT_DISCOVERY_ACROSS_FILESYSTEM not set).
2023-06-26 12:30:49.906 [info] > git rev-parse --show-toplevel [1ms]
2023-06-26 12:30:49.906 [info] fatal: not a git repository (or any parent up to mount point /)
Stopping at filesystem boundary (GIT_DISCOVERY_ACROSS_FILESYSTEM not set).
2023-06-26 12:30:49.912 [info] > git rev-parse --show-toplevel [1ms]
2023-06-26 12:30:49.919 [info] > git rev-parse --show-toplevel [1ms]
2023-06-26 12:30:49.919 [info] fatal: not a git repository (or any of the parent directories): .git
2023-06-26 12:30:49.926 [info] > git rev-parse --show-toplevel [1ms]
2023-06-26 12:30:49.926 [info] fatal: not a git repository (or any of the parent directories): .git
2023-06-26 12:30:49.995 [info] > git rev-parse --show-toplevel [62ms]
2023-06-26 12:30:49.995 [info] fatal: not a git repository (or any of the parent directories): .git
2023-06-26 12:30:50.003 [info] > git rev-parse --show-toplevel [2ms]
2023-06-26 12:30:50.003 [info] fatal: not a git repository (or any of the parent directories): .git
2023-06-26 12:30:50.010 [info] > git rev-parse --show-toplevel [1ms]
2023-06-26 12:30:50.010 [info] fatal: not a git repository (or any of the parent directories): .git
2023-06-26 12:30:50.015 [info] > git status -z -uall [342ms]
2023-06-26 12:30:50.028 [info] > git rev-parse --show-toplevel [13ms]
2023-06-26 12:30:50.035 [info] > git config --get commit.template [8ms]
2023-06-26 12:30:50.036 [info] > git rev-parse --show-toplevel [2ms]
2023-06-26 12:30:50.049 [info] > git rev-parse --show-toplevel [7ms]
2023-06-26 12:30:50.049 [info] fatal: not a git repository (or any parent up to mount point /)
Stopping at filesystem boundary (GIT_DISCOVERY_ACROSS_FILESYSTEM not set).
2023-06-26 12:30:50.058 [info] > git for-each-ref --format=%(refname)%00%(upstream:short)%00%(objectname)%00%(upstream:track)%00%(upstream:remotename)%00%(upstream:remoteref) refs/heads/dashboard refs/remotes/dashboard [9ms]
2023-06-26 12:30:50.066 [info] > git status -z -uall [240ms]
2023-06-26 12:30:50.070 [info] > git rev-parse --show-toplevel [13ms]
2023-06-26 12:30:50.070 [info] fatal: not a git repository (or any parent up to mount point /)
Stopping at filesystem boundary (GIT_DISCOVERY_ACROSS_FILESYSTEM not set).
2023-06-26 12:30:50.093 [info] > git config --get commit.template [9ms]
2023-06-26 12:30:50.094 [info] > git rev-parse --show-toplevel [18ms]
2023-06-26 12:30:50.094 [info] fatal: not a git repository (or any parent up to mount point /)
Stopping at filesystem boundary (GIT_DISCOVERY_ACROSS_FILESYSTEM not set).
2023-06-26 12:30:50.101 [info] > git check-ignore -v -z --stdin [8ms]
2023-06-26 12:30:50.102 [info] > git rev-parse --show-toplevel [3ms]
2023-06-26 12:30:50.102 [info] fatal: not a git repository (or any parent up to mount point /)
Stopping at filesystem boundary (GIT_DISCOVERY_ACROSS_FILESYSTEM not set).
2023-06-26 12:30:50.113 [info] > git rev-parse --show-toplevel [5ms]
2023-06-26 12:30:50.113 [info] fatal: not a git repository (or any parent up to mount point /)
Stopping at filesystem boundary (GIT_DISCOVERY_ACROSS_FILESYSTEM not set).
2023-06-26 12:30:50.119 [info] > git for-each-ref --format=%(refname)%00%(upstream:short)%00%(objectname)%00%(upstream:track)%00%(upstream:remotename)%00%(upstream:remoteref) refs/heads/master refs/remotes/master [7ms]
2023-06-26 12:30:50.130 [info] > git rev-parse --show-toplevel [13ms]
2023-06-26 12:30:50.130 [info] fatal: not a git repository (or any parent up to mount point /)
Stopping at filesystem boundary (GIT_DISCOVERY_ACROSS_FILESYSTEM not set).
2023-06-26 12:30:51.288 [info] > git status -z -uall [1546ms] (cancelled)
2023-06-26 12:30:51.288 [info] > git status -z -uall [1403ms]
2023-06-26 12:30:51.288 [info] > git status -z -uall [1223ms]
2023-06-26 12:30:51.288 [info] > git status -z -uall [1164ms]
2023-06-26 12:30:51.288 [info] > git rev-parse --show-toplevel [1152ms]
2023-06-26 12:30:51.288 [info] fatal: not a git repository (or any parent up to mount point /)
Stopping at filesystem boundary (GIT_DISCOVERY_ACROSS_FILESYSTEM not set).
2023-06-26 12:30:52.789 [info] > git rev-parse --show-toplevel [1494ms]
2023-06-26 12:30:52.789 [info] fatal: not a git repository (or any parent up to mount point /)
Stopping at filesystem boundary (GIT_DISCOVERY_ACROSS_FILESYSTEM not set).
2023-06-26 12:30:52.821 [info] > git rev-parse --show-toplevel [25ms]
2023-06-26 12:30:52.821 [info] fatal: not a git repository (or any of the parent directories): .git
2023-06-26 12:30:52.832 [info] > git config --get commit.template [45ms]
2023-06-26 12:30:52.835 [info] > git config --get commit.template [20ms]
2023-06-26 12:30:52.854 [info] > git rev-parse --show-toplevel [22ms]
2023-06-26 12:30:52.854 [info] fatal: not a git repository (or any parent up to mount point /)
Stopping at filesystem boundary (GIT_DISCOVERY_ACROSS_FILESYSTEM not set).
2023-06-26 12:30:52.865 [info] > git for-each-ref --format=%(refname)%00%(upstream:short)%00%(objectname)%00%(upstream:track)%00%(upstream:remotename)%00%(upstream:remoteref) refs/heads/master refs/remotes/master [11ms]
2023-06-26 12:30:52.878 [info] > git for-each-ref --format=%(refname)%00%(upstream:short)%00%(objectname)%00%(upstream:track)%00%(upstream:remotename)%00%(upstream:remoteref) refs/heads/main refs/remotes/main [32ms]
2023-06-26 12:30:52.888 [info] > git rev-parse --show-toplevel [24ms]
2023-06-26 12:30:52.888 [info] fatal: not a git repository (or any parent up to mount point /)
Stopping at filesystem boundary (GIT_DISCOVERY_ACROSS_FILESYSTEM not set).
2023-06-26 12:30:52.930 [info] > git show --textconv :app/public/DEEV/dashboard/header.php [12ms]
2023-06-26 12:30:52.930 [info] > git ls-files --stage -- /home/BenjiSomur/Documents/Master/4period/LANIA/DGEU/Convocatoria/dgeu-deev/app/public/DEEV/dashboard/header.php [2ms]
2023-06-26 12:30:52.941 [info] > git rev-parse --show-toplevel [40ms]
2023-06-26 12:30:52.941 [info] fatal: not a git repository (or any parent up to mount point /)
Stopping at filesystem boundary (GIT_DISCOVERY_ACROSS_FILESYSTEM not set).
2023-06-26 12:30:53.084 [info] > git rev-parse --show-toplevel [131ms]
2023-06-26 12:30:53.084 [info] fatal: not a git repository (or any parent up to mount point /)
Stopping at filesystem boundary (GIT_DISCOVERY_ACROSS_FILESYSTEM not set).
2023-06-26 12:30:53.104 [info] > git cat-file -s b670dc529d93213dd9a160e75e104dc1a34e36a3 [164ms]
2023-06-26 12:30:53.106 [info] > git rev-parse --show-toplevel [2ms]
2023-06-26 12:30:53.106 [info] fatal: not a git repository (or any parent up to mount point /)
Stopping at filesystem boundary (GIT_DISCOVERY_ACROSS_FILESYSTEM not set).
2023-06-26 12:30:53.116 [info] > git rev-parse --show-toplevel [2ms]
2023-06-26 12:30:53.116 [info] fatal: not a git repository (or any parent up to mount point /)
Stopping at filesystem boundary (GIT_DISCOVERY_ACROSS_FILESYSTEM not set).
2023-06-26 12:30:53.129 [info] > git rev-parse --show-toplevel [2ms]
2023-06-26 12:30:53.129 [info] fatal: not a git repository (or any of the parent directories): .git
2023-06-26 12:30:53.271 [info] > git status -z -uall [394ms]
2023-06-26 12:30:53.275 [info] > git rev-parse --show-toplevel [134ms]
2023-06-26 12:30:53.275 [info] fatal: not a git repository (or any parent up to mount point /)
Stopping at filesystem boundary (GIT_DISCOVERY_ACROSS_FILESYSTEM not set).
2023-06-26 12:30:56.142 [info] > git status -z -uall [3254ms] (cancelled)
2023-06-26 12:30:56.144 [info] > git rev-parse --show-toplevel [2859ms]
2023-06-26 12:30:56.144 [info] fatal: not a git repository (or any parent up to mount point /)
Stopping at filesystem boundary (GIT_DISCOVERY_ACROSS_FILESYSTEM not set).
2023-06-26 12:30:56.186 [info] > git rev-parse --show-toplevel [22ms]
2023-06-26 12:30:56.186 [info] fatal: not a git repository (or any parent up to mount point /)
Stopping at filesystem boundary (GIT_DISCOVERY_ACROSS_FILESYSTEM not set).
2023-06-26 12:30:56.213 [info] > git rev-parse --show-toplevel [1ms]
2023-06-26 12:30:56.213 [info] fatal: not a git repository (or any parent up to mount point /)
Stopping at filesystem boundary (GIT_DISCOVERY_ACROSS_FILESYSTEM not set).
2023-06-26 12:30:56.231 [info] > git rev-parse --show-toplevel [1ms]
2023-06-26 12:30:56.231 [info] fatal: not a git repository (or any parent up to mount point /)
Stopping at filesystem boundary (GIT_DISCOVERY_ACROSS_FILESYSTEM not set).
2023-06-26 12:30:56.257 [info] > git rev-parse --show-toplevel [2ms]
2023-06-26 12:30:56.257 [info] fatal: not a git repository (or any parent up to mount point /)
Stopping at filesystem boundary (GIT_DISCOVERY_ACROSS_FILESYSTEM not set).
2023-06-26 12:30:56.275 [info] > git rev-parse --show-toplevel [2ms]
2023-06-26 12:30:56.275 [info] fatal: not a git repository (or any of the parent directories): .git
2023-06-26 12:30:56.296 [info] > git rev-parse --show-toplevel [2ms]
2023-06-26 12:30:56.296 [info] fatal: not a git repository (or any parent up to mount point /)
Stopping at filesystem boundary (GIT_DISCOVERY_ACROSS_FILESYSTEM not set).
2023-06-26 12:30:56.315 [info] > git rev-parse --show-toplevel [1ms]
2023-06-26 12:30:56.315 [info] fatal: not a git repository (or any parent up to mount point /)
Stopping at filesystem boundary (GIT_DISCOVERY_ACROSS_FILESYSTEM not set).
2023-06-26 12:30:56.336 [info] > git rev-parse --show-toplevel [2ms]
2023-06-26 12:30:56.336 [info] fatal: not a git repository (or any parent up to mount point /)
Stopping at filesystem boundary (GIT_DISCOVERY_ACROSS_FILESYSTEM not set).
2023-06-26 12:30:56.357 [info] > git rev-parse --show-toplevel [3ms]
2023-06-26 12:30:56.357 [info] fatal: not a git repository (or any parent up to mount point /)
Stopping at filesystem boundary (GIT_DISCOVERY_ACROSS_FILESYSTEM not set).
2023-06-26 12:30:56.379 [info] > git rev-parse --show-toplevel [2ms]
2023-06-26 12:30:56.379 [info] fatal: not a git repository (or any parent up to mount point /)
Stopping at filesystem boundary (GIT_DISCOVERY_ACROSS_FILESYSTEM not set).
2023-06-26 12:30:56.410 [info] > git rev-parse --show-toplevel [14ms]
2023-06-26 12:30:56.411 [info] fatal: not a git repository (or any parent up to mount point /)
Stopping at filesystem boundary (GIT_DISCOVERY_ACROSS_FILESYSTEM not set).
2023-06-26 12:30:56.431 [info] > git rev-parse --show-toplevel [3ms]
2023-06-26 12:30:56.431 [info] fatal: not a git repository (or any of the parent directories): .git
2023-06-26 12:30:56.449 [info] > git rev-parse --show-toplevel [2ms]
2023-06-26 12:30:56.449 [info] fatal: not a git repository (or any parent up to mount point /)
Stopping at filesystem boundary (GIT_DISCOVERY_ACROSS_FILESYSTEM not set).
2023-06-26 12:32:25.570 [info] > git check-ignore -v -z --stdin [5ms]
2023-06-26 12:32:26.145 [info] > git show --textconv :app/public/DEEV/dashboard/html/menu.html [7ms]
2023-06-26 12:32:26.146 [info] > git ls-files --stage -- /home/BenjiSomur/Documents/Master/4period/LANIA/DGEU/Convocatoria/dgeu-deev/app/public/DEEV/dashboard/html/menu.html [1ms]
2023-06-26 12:32:26.155 [info] > git cat-file -s c2fbf9458ac20fcb2030736f261254836099987a [3ms]
2023-06-26 12:32:51.501 [info] > git config --get commit.template [52ms]
2023-06-26 12:32:51.501 [info] > git for-each-ref --format=%(refname)%00%(upstream:short)%00%(objectname)%00%(upstream:track)%00%(upstream:remotename)%00%(upstream:remoteref) refs/heads/dashboard refs/remotes/dashboard [43ms]
2023-06-26 12:32:51.759 [info] > git status -z -uall [251ms]
2023-06-26 12:33:05.240 [info] > git config --get commit.template [17ms]
2023-06-26 12:33:05.243 [info] > git for-each-ref --format=%(refname)%00%(upstream:short)%00%(objectname)%00%(upstream:track)%00%(upstream:remotename)%00%(upstream:remoteref) refs/heads/dashboard refs/remotes/dashboard [4ms]
2023-06-26 12:33:05.523 [info] > git status -z -uall [268ms]
2023-06-26 12:33:10.541 [info] > git config --get commit.template [8ms]
2023-06-26 12:33:10.541 [info] > git for-each-ref --format=%(refname)%00%(upstream:short)%00%(objectname)%00%(upstream:track)%00%(upstream:remotename)%00%(upstream:remoteref) refs/heads/dashboard refs/remotes/dashboard [1ms]
2023-06-26 12:33:10.785 [info] > git status -z -uall [237ms]
2023-06-26 12:33:25.262 [info] > git config --get commit.template [14ms]
2023-06-26 12:33:25.263 [info] > git for-each-ref --format=%(refname)%00%(upstream:short)%00%(objectname)%00%(upstream:track)%00%(upstream:remotename)%00%(upstream:remoteref) refs/heads/dashboard refs/remotes/dashboard [2ms]
2023-06-26 12:33:25.433 [info] > git status -z -uall [160ms]
2023-06-26 12:33:39.004 [info] > git config --get commit.template [9ms]
2023-06-26 12:33:39.006 [info] > git for-each-ref --format=%(refname)%00%(upstream:short)%00%(objectname)%00%(upstream:track)%00%(upstream:remotename)%00%(upstream:remoteref) refs/heads/dashboard refs/remotes/dashboard [3ms]
2023-06-26 12:33:39.240 [info] > git status -z -uall [227ms]
2023-06-26 12:47:44.344 [info] > git show --textconv :app/public/DEEV/dashboard/generateDocument.php [11ms]
2023-06-26 12:47:44.345 [info] > git ls-files --stage -- /home/BenjiSomur/Documents/Master/4period/LANIA/DGEU/Convocatoria/dgeu-deev/app/public/DEEV/dashboard/generateDocument.php [3ms]
2023-06-26 12:47:44.355 [info] > git cat-file -s 4fa22831cc4ea01af49275ae44140aab7d4162ca [2ms]
2023-06-26 12:47:45.379 [info] > git ls-files --stage -- /home/BenjiSomur/Documents/Master/4period/LANIA/DGEU/Convocatoria/dgeu-deev/app/public/DEEV/dashboard/fileManager.php [1ms]
2023-06-26 12:47:45.384 [info] > git show --textconv :app/public/DEEV/dashboard/fileManager.php [11ms]
2023-06-26 12:47:45.384 [info] > git cat-file -s b1df4cb8a617156fc4b049d369626b8a26fa351b [1ms]
2023-06-26 12:47:45.898 [info] > git show --textconv :app/public/DEEV/dashboard/dashboard_index.php [8ms]
2023-06-26 12:47:45.899 [info] > git ls-files --stage -- /home/BenjiSomur/Documents/Master/4period/LANIA/DGEU/Convocatoria/dgeu-deev/app/public/DEEV/dashboard/dashboard_index.php [1ms]
2023-06-26 12:47:45.907 [info] > git cat-file -s 705a3237a044f3a3cbc2655aecb9f99948ea2452 [1ms]
2023-06-26 12:48:00.020 [info] > git config --get commit.template [7ms]
2023-06-26 12:48:00.020 [info] > git for-each-ref --format=%(refname)%00%(upstream:short)%00%(objectname)%00%(upstream:track)%00%(upstream:remotename)%00%(upstream:remoteref) refs/heads/dashboard refs/remotes/dashboard [1ms]
2023-06-26 12:48:00.166 [info] > git status -z -uall [140ms]
2023-06-26 12:51:23.822 [info] > git check-ignore -v -z --stdin [1ms]
2023-06-26 12:51:24.231 [info] > git show --textconv :app/public/DEEV/dashboard/js/dashboard.js [8ms]
2023-06-26 12:51:24.232 [info] > git ls-files --stage -- /home/BenjiSomur/Documents/Master/4period/LANIA/DGEU/Convocatoria/dgeu-deev/app/public/DEEV/dashboard/js/dashboard.js [2ms]
2023-06-26 12:51:24.243 [info] > git cat-file -s 297b6dd5db9e3808effccd7346711bc0a4c481fd [3ms]
2023-06-26 12:51:42.939 [info] > git config --get commit.template [6ms]
2023-06-26 12:51:42.939 [info] > git for-each-ref --format=%(refname)%00%(upstream:short)%00%(objectname)%00%(upstream:track)%00%(upstream:remotename)%00%(upstream:remoteref) refs/heads/dashboard refs/remotes/dashboard [1ms]
2023-06-26 12:51:43.081 [info] > git status -z -uall [137ms]
2023-06-26 12:51:55.216 [info] > git show --textconv :app/public/DEEV/dashboard/html/solicitud-evaluacion.html [8ms]
2023-06-26 12:51:55.217 [info] > git ls-files --stage -- /home/BenjiSomur/Documents/Master/4period/LANIA/DGEU/Convocatoria/dgeu-deev/app/public/DEEV/dashboard/html/solicitud-evaluacion.html [2ms]
2023-06-26 12:51:55.225 [info] > git cat-file -s 662313fe4df7dd037f7edd6a669673d13914eca7 [1ms]
2023-06-26 12:53:11.844 [info] > git config --get commit.template [14ms]
2023-06-26 12:53:11.844 [info] > git for-each-ref --format=%(refname)%00%(upstream:short)%00%(objectname)%00%(upstream:track)%00%(upstream:remotename)%00%(upstream:remoteref) refs/heads/dashboard refs/remotes/dashboard [1ms]
2023-06-26 12:53:11.863 [info] > git status -z -uall [8ms]
2023-06-26 12:53:11.919 [info] > git ls-files --stage -- /home/BenjiSomur/Documents/Master/4period/LANIA/DGEU/Convocatoria/dgeu-deev/app/public/DEEV/dashboard/js/dashboard.js [13ms]
2023-06-26 12:53:11.931 [info] > git ls-files --stage -- /home/BenjiSomur/Documents/Master/4period/LANIA/DGEU/Convocatoria/dgeu-deev/app/public/DEEV/dashboard/dashboard_index.php [36ms]
2023-06-26 12:53:11.942 [info] > git ls-files --stage -- /home/BenjiSomur/Documents/Master/4period/LANIA/DGEU/Convocatoria/dgeu-deev/app/public/DEEV/dashboard/html/menu.html [60ms]
2023-06-26 12:53:11.954 [info] > git cat-file -s c2fbf9458ac20fcb2030736f261254836099987a [2ms]
2023-06-26 12:53:11.954 [info] > git cat-file -s 705a3237a044f3a3cbc2655aecb9f99948ea2452 [13ms]
2023-06-26 12:53:11.955 [info] > git cat-file -s 297b6dd5db9e3808effccd7346711bc0a4c481fd [25ms]
2023-06-26 12:53:11.955 [info] > git ls-files --stage -- /home/BenjiSomur/Documents/Master/4period/LANIA/DGEU/Convocatoria/dgeu-deev/app/public/DEEV/dashboard/html/solicitud-evaluacion.html [37ms]
2023-06-26 12:53:11.967 [info] > git cat-file -s 662313fe4df7dd037f7edd6a669673d13914eca7 [2ms]
2023-06-26 12:53:11.996 [info] > git show --textconv :app/public/DEEV/dashboard/html/menu.html [18ms]
2023-06-26 12:53:11.996 [info] > git show --textconv :app/public/DEEV/dashboard/dashboard_index.php [10ms]
2023-06-26 12:53:12.009 [info] > git show --textconv :app/public/DEEV/dashboard/js/dashboard.js [14ms]
2023-06-26 12:53:12.009 [info] > git show --textconv :app/public/DEEV/dashboard/html/solicitud-evaluacion.html [4ms]
2023-06-26 12:53:38.090 [info] > git config --get commit.template [14ms]
2023-06-26 12:53:38.092 [info] > git for-each-ref --format=%(refname)%00%(upstream:short)%00%(objectname)%00%(upstream:track)%00%(upstream:remotename)%00%(upstream:remoteref) refs/heads/dashboard refs/remotes/dashboard [3ms]
2023-06-26 12:53:38.127 [info] > git status -z -uall [19ms]
2023-06-26 12:54:14.560 [info] > git config --get commit.template [9ms]
2023-06-26 12:54:14.562 [info] > git for-each-ref --format=%(refname)%00%(upstream:short)%00%(objectname)%00%(upstream:track)%00%(upstream:remotename)%00%(upstream:remoteref) refs/heads/dashboard refs/remotes/dashboard [2ms]
2023-06-26 12:54:14.574 [info] > git status -z -uall [5ms]
2023-06-26 12:54:19.701 [info] > git config --get commit.template [7ms]
2023-06-26 12:54:19.703 [info] > git for-each-ref --format=%(refname)%00%(upstream:short)%00%(objectname)%00%(upstream:track)%00%(upstream:remotename)%00%(upstream:remoteref) refs/heads/dashboard refs/remotes/dashboard [3ms]
2023-06-26 12:54:19.747 [info] > git status -z -uall [39ms]
2023-06-26 12:54:36.656 [info] > git show --textconv :app/public/DEEV/dashboard/html/ipes-dashboard.html [10ms]
2023-06-26 12:54:36.657 [info] > git ls-files --stage -- /home/BenjiSomur/Documents/Master/4period/LANIA/DGEU/Convocatoria/dgeu-deev/app/public/DEEV/dashboard/html/ipes-dashboard.html [4ms]
2023-06-26 12:54:36.664 [info] > git cat-file -s ed18bb1f820d30fb54f710373cc55d76e063bfb9 [1ms]
2023-06-26 12:54:38.330 [info] > git config --get commit.template [11ms]
2023-06-26 12:54:38.331 [info] > git for-each-ref --format=%(refname)%00%(upstream:short)%00%(objectname)%00%(upstream:track)%00%(upstream:remotename)%00%(upstream:remoteref) refs/heads/dashboard refs/remotes/dashboard [2ms]
2023-06-26 12:54:38.357 [info] > git status -z -uall [14ms]
2023-06-26 12:54:43.387 [info] > git config --get commit.template [7ms]
2023-06-26 12:54:43.390 [info] > git for-each-ref --format=%(refname)%00%(upstream:short)%00%(objectname)%00%(upstream:track)%00%(upstream:remotename)%00%(upstream:remoteref) refs/heads/dashboard refs/remotes/dashboard [3ms]
2023-06-26 12:54:43.409 [info] > git status -z -uall [12ms]
2023-06-26 12:54:57.507 [info] > git config --get commit.template [11ms]
2023-06-26 12:54:57.510 [info] > git for-each-ref --format=%(refname)%00%(upstream:short)%00%(objectname)%00%(upstream:track)%00%(upstream:remotename)%00%(upstream:remoteref) refs/heads/dashboard refs/remotes/dashboard [4ms]
2023-06-26 12:54:57.533 [info] > git status -z -uall [15ms]
2023-06-26 12:55:02.556 [info] > git config --get commit.template [8ms]
2023-06-26 12:55:02.556 [info] > git for-each-ref --format=%(refname)%00%(upstream:short)%00%(objectname)%00%(upstream:track)%00%(upstream:remotename)%00%(upstream:remoteref) refs/heads/dashboard refs/remotes/dashboard [1ms]
2023-06-26 12:55:02.575 [info] > git status -z -uall [9ms]
2023-06-26 12:55:07.634 [info] > git config --get commit.template [1ms]
2023-06-26 12:55:07.644 [info] > git for-each-ref --format=%(refname)%00%(upstream:short)%00%(objectname)%00%(upstream:track)%00%(upstream:remotename)%00%(upstream:remoteref) refs/heads/dashboard refs/remotes/dashboard [1ms]
2023-06-26 12:55:07.659 [info] > git status -z -uall [6ms]
2023-06-26 12:55:12.673 [info] > git config --get commit.template [6ms]
2023-06-26 12:55:12.674 [info] > git for-each-ref --format=%(refname)%00%(upstream:short)%00%(objectname)%00%(upstream:track)%00%(upstream:remotename)%00%(upstream:remoteref) refs/heads/dashboard refs/remotes/dashboard [1ms]
2023-06-26 12:55:12.684 [info] > git status -z -uall [5ms]
2023-06-26 12:55:18.420 [info] > git for-each-ref --format=%(refname)%00%(upstream:short)%00%(objectname)%00%(upstream:track)%00%(upstream:remotename)%00%(upstream:remoteref) refs/heads/dashboard refs/remotes/dashboard [2ms]
2023-06-26 12:55:18.420 [info] > git config --get commit.template [6ms]
2023-06-26 12:55:18.430 [info] > git status -z -uall [5ms]
2023-06-26 12:55:24.460 [info] > git config --get commit.template [9ms]
2023-06-26 12:55:24.464 [info] > git for-each-ref --format=%(refname)%00%(upstream:short)%00%(objectname)%00%(upstream:track)%00%(upstream:remotename)%00%(upstream:remoteref) refs/heads/dashboard refs/remotes/dashboard [5ms]
2023-06-26 12:55:24.490 [info] > git status -z -uall [17ms]
2023-06-26 12:58:29.530 [info] > git config --get commit.template [10ms]
2023-06-26 12:58:29.531 [info] > git for-each-ref --format=%(refname)%00%(upstream:short)%00%(objectname)%00%(upstream:track)%00%(upstream:remotename)%00%(upstream:remoteref) refs/heads/dashboard refs/remotes/dashboard [2ms]
2023-06-26 12:58:29.551 [info] > git status -z -uall [13ms]
2023-06-26 12:59:00.079 [info] > git config --get commit.template [12ms]
2023-06-26 12:59:00.081 [info] > git for-each-ref --format=%(refname)%00%(upstream:short)%00%(objectname)%00%(upstream:track)%00%(upstream:remotename)%00%(upstream:remoteref) refs/heads/dashboard refs/remotes/dashboard [3ms]
2023-06-26 12:59:00.104 [info] > git status -z -uall [14ms]
2023-06-26 13:00:44.694 [info] > git config --get commit.template [3ms]
2023-06-26 13:00:44.702 [info] > git for-each-ref --format=%(refname)%00%(upstream:short)%00%(objectname)%00%(upstream:track)%00%(upstream:remotename)%00%(upstream:remoteref) refs/heads/dashboard refs/remotes/dashboard [1ms]
2023-06-26 13:00:44.714 [info] > git status -z -uall [6ms]
2023-06-26 13:00:53.582 [info] > git config --get commit.template [22ms]
2023-06-26 13:00:53.587 [info] > git for-each-ref --format=%(refname)%00%(upstream:short)%00%(objectname)%00%(upstream:track)%00%(upstream:remotename)%00%(upstream:remoteref) refs/heads/dashboard refs/remotes/dashboard [7ms]
2023-06-26 13:00:53.629 [info] > git status -z -uall [23ms]
2023-06-26 13:01:34.722 [info] > git config --get commit.template [1ms]
2023-06-26 13:01:34.732 [info] > git for-each-ref --format=%(refname)%00%(upstream:short)%00%(objectname)%00%(upstream:track)%00%(upstream:remotename)%00%(upstream:remoteref) refs/heads/dashboard refs/remotes/dashboard [1ms]
2023-06-26 13:01:34.745 [info] > git status -z -uall [6ms]
2023-06-26 13:01:57.591 [info] > git config --get commit.template [8ms]
2023-06-26 13:01:57.591 [info] > git for-each-ref --format=%(refname)%00%(upstream:short)%00%(objectname)%00%(upstream:track)%00%(upstream:remotename)%00%(upstream:remoteref) refs/heads/dashboard refs/remotes/dashboard [2ms]
2023-06-26 13:01:57.606 [info] > git status -z -uall [7ms]
2023-06-26 13:02:22.429 [info] > git check-ignore -v -z --stdin [6ms]
2023-06-26 13:02:22.918 [info] > git config --get commit.template [9ms]
2023-06-26 13:02:22.928 [info] > git for-each-ref --format=%(refname)%00%(upstream:short)%00%(objectname)%00%(upstream:track)%00%(upstream:remotename)%00%(upstream:remoteref) refs/heads/dashboard refs/remotes/dashboard [11ms]
2023-06-26 13:02:22.953 [info] > git status -z -uall [11ms]
2023-06-26 13:02:27.179 [info] > git check-ignore -v -z --stdin [9ms]
2023-06-26 13:02:27.210 [info] > git check-ignore -v -z --stdin [32ms]
2023-06-26 13:02:54.566 [info] > git config --get commit.template [4ms]
2023-06-26 13:02:54.576 [info] > git for-each-ref --format=%(refname)%00%(upstream:short)%00%(objectname)%00%(upstream:track)%00%(upstream:remotename)%00%(upstream:remoteref) refs/heads/dashboard refs/remotes/dashboard [3ms]
2023-06-26 13:02:54.596 [info] > git status -z -uall [12ms]
2023-06-26 13:04:00.152 [info] > git config --get commit.template [14ms]
2023-06-26 13:04:00.153 [info] > git for-each-ref --format=%(refname)%00%(upstream:short)%00%(objectname)%00%(upstream:track)%00%(upstream:remotename)%00%(upstream:remoteref) refs/heads/dashboard refs/remotes/dashboard [2ms]
2023-06-26 13:04:00.175 [info] > git status -z -uall [11ms]
2023-06-26 13:05:44.540 [info] > git config --get commit.template [12ms]
2023-06-26 13:05:44.541 [info] > git for-each-ref --format=%(refname)%00%(upstream:short)%00%(objectname)%00%(upstream:track)%00%(upstream:remotename)%00%(upstream:remoteref) refs/heads/dashboard refs/remotes/dashboard [1ms]
2023-06-26 13:05:44.565 [info] > git status -z -uall [10ms]
2023-06-26 13:05:53.172 [info] > git config --get commit.template [10ms]
2023-06-26 13:05:53.175 [info] > git for-each-ref --format=%(refname)%00%(upstream:short)%00%(objectname)%00%(upstream:track)%00%(upstream:remotename)%00%(upstream:remoteref) refs/heads/dashboard refs/remotes/dashboard [3ms]
2023-06-26 13:05:53.193 [info] > git status -z -uall [13ms]
2023-06-26 13:07:11.550 [info] > git config --get commit.template [21ms]
2023-06-26 13:07:11.551 [info] > git for-each-ref --format=%(refname)%00%(upstream:short)%00%(objectname)%00%(upstream:track)%00%(upstream:remotename)%00%(upstream:remoteref) refs/heads/dashboard refs/remotes/dashboard [3ms]
2023-06-26 13:07:11.586 [info] > git status -z -uall [17ms]
2023-06-26 13:08:10.534 [info] > git config --get commit.template [2ms]
2023-06-26 13:08:10.553 [info] > git for-each-ref --format=%(refname)%00%(upstream:short)%00%(objectname)%00%(upstream:track)%00%(upstream:remotename)%00%(upstream:remoteref) refs/heads/dashboard refs/remotes/dashboard [3ms]
2023-06-26 13:08:10.574 [info] > git status -z -uall [8ms]
