2023-06-26 10:09:48.068 [info] Log level: Info
2023-06-26 10:09:48.068 [info] Validating found git in: "git"
2023-06-26 10:09:48.068 [info] Using git "2.41.0" from "git"
2023-06-26 10:09:48.072 [info] > git rev-parse --show-toplevel [170ms]
2023-06-26 10:09:48.072 [info] fatal: not a git repository (or any parent up to mount point /)
Stopping at filesystem boundary (GIT_DISCOVERY_ACROSS_FILESYSTEM not set).
2023-06-26 10:09:48.103 [info] > git rev-parse --show-toplevel [21ms]
2023-06-26 10:09:48.103 [info] fatal: not a git repository (or any parent up to mount point /)
Stopping at filesystem boundary (GIT_DISCOVERY_ACROSS_FILESYSTEM not set).
2023-06-26 10:09:48.134 [info] > git rev-parse --show-toplevel [23ms]
2023-06-26 10:09:48.134 [info] fatal: not a git repository (or any parent up to mount point /)
Stopping at filesystem boundary (GIT_DISCOVERY_ACROSS_FILESYSTEM not set).
2023-06-26 10:09:48.154 [info] > git rev-parse --show-toplevel [13ms]
2023-06-26 10:09:48.154 [info] fatal: not a git repository (or any parent up to mount point /)
Stopping at filesystem boundary (GIT_DISCOVERY_ACROSS_FILESYSTEM not set).
2023-06-26 10:09:48.165 [info] > git rev-parse --show-toplevel [4ms]
2023-06-26 10:09:48.165 [info] fatal: not a git repository (or any parent up to mount point /)
Stopping at filesystem boundary (GIT_DISCOVERY_ACROSS_FILESYSTEM not set).
2023-06-26 10:09:48.212 [info] > git rev-parse --show-toplevel [40ms]
2023-06-26 10:09:48.384 [info] > git rev-parse --git-dir --git-common-dir [157ms]
2023-06-26 10:09:48.390 [info] Open repository: /home/BenjiSomur/Documents/Master/4period/LANIA/DGEU/Convocatoria/dgeu-deev
2023-06-26 10:09:48.451 [info] > git rev-parse --show-toplevel [51ms]
2023-06-26 10:09:48.451 [info] fatal: not a git repository (or any of the parent directories): .git
2023-06-26 10:09:48.468 [info] > git rev-parse --show-toplevel [9ms]
2023-06-26 10:09:48.475 [info] > git config --get commit.template [25ms]
2023-06-26 10:09:48.478 [info] > git rev-parse --git-dir --git-common-dir [3ms]
2023-06-26 10:09:48.481 [info] Open repository: /home/BenjiSomur/Documents/Master/Research project/HEGAcluster/HEGACluster
2023-06-26 10:09:48.511 [info] > git rev-parse --show-toplevel [22ms]
2023-06-26 10:09:48.511 [info] fatal: not a git repository (or any parent up to mount point /)
Stopping at filesystem boundary (GIT_DISCOVERY_ACROSS_FILESYSTEM not set).
2023-06-26 10:09:48.528 [info] > git rev-parse --show-toplevel [9ms]
2023-06-26 10:09:48.528 [info] fatal: not a git repository (or any parent up to mount point /)
Stopping at filesystem boundary (GIT_DISCOVERY_ACROSS_FILESYSTEM not set).
2023-06-26 10:09:48.536 [info] > git config --get commit.template [26ms]
2023-06-26 10:09:48.536 [info] > git for-each-ref --format=%(refname)%00%(upstream:short)%00%(objectname)%00%(upstream:track)%00%(upstream:remotename)%00%(upstream:remoteref) refs/heads/dashboard refs/remotes/dashboard [37ms]
2023-06-26 10:09:48.546 [info] > git rev-parse --show-toplevel [11ms]
2023-06-26 10:09:48.546 [info] fatal: not a git repository (or any parent up to mount point /)
Stopping at filesystem boundary (GIT_DISCOVERY_ACROSS_FILESYSTEM not set).
2023-06-26 10:09:48.575 [info] > git status -z -uall [32ms]
2023-06-26 10:09:48.647 [info] > git rev-parse --show-toplevel [94ms]
2023-06-26 10:09:48.647 [info] fatal: not a git repository (or any parent up to mount point /)
Stopping at filesystem boundary (GIT_DISCOVERY_ACROSS_FILESYSTEM not set).
2023-06-26 10:09:48.670 [info] > git config --get commit.template [28ms]
2023-06-26 10:09:48.670 [info] > git for-each-ref --format=%(refname)%00%(upstream:short)%00%(objectname)%00%(upstream:track)%00%(upstream:remotename)%00%(upstream:remoteref) refs/heads/main refs/remotes/main [95ms]
2023-06-26 10:09:48.686 [info] > git rev-parse --show-toplevel [32ms]
2023-06-26 10:09:48.716 [info] > git for-each-ref --format=%(refname)%00%(upstream:short)%00%(objectname)%00%(upstream:track)%00%(upstream:remotename)%00%(upstream:remoteref) refs/heads/dashboard refs/remotes/dashboard [10ms]
2023-06-26 10:09:48.728 [info] > git rev-parse --git-dir --git-common-dir [34ms]
2023-06-26 10:09:48.733 [info] Open repository: /home/BenjiSomur/Documents/Projects/javascript/complete-javascript-course
2023-06-26 10:09:48.760 [info] > git status -z -uall [33ms]
2023-06-26 10:09:48.765 [info] > git config --get commit.template [6ms]
2023-06-26 10:09:48.766 [info] > git rev-parse --show-toplevel [22ms]
2023-06-26 10:09:48.766 [info] fatal: not a git repository (or any parent up to mount point /)
Stopping at filesystem boundary (GIT_DISCOVERY_ACROSS_FILESYSTEM not set).
2023-06-26 10:09:48.778 [info] > git rev-parse --show-toplevel [2ms]
2023-06-26 10:09:48.778 [info] fatal: not a git repository (or any parent up to mount point /)
Stopping at filesystem boundary (GIT_DISCOVERY_ACROSS_FILESYSTEM not set).
2023-06-26 10:09:48.801 [info] > git rev-parse --show-toplevel [13ms]
2023-06-26 10:09:48.801 [info] fatal: not a git repository (or any parent up to mount point /)
Stopping at filesystem boundary (GIT_DISCOVERY_ACROSS_FILESYSTEM not set).
2023-06-26 10:09:48.815 [info] > git rev-parse --show-toplevel [4ms]
2023-06-26 10:09:48.825 [info] > git for-each-ref --format=%(refname)%00%(upstream:short)%00%(objectname)%00%(upstream:track)%00%(upstream:remotename)%00%(upstream:remoteref) refs/heads/master refs/remotes/master [26ms]
2023-06-26 10:09:48.836 [info] > git rev-parse --git-dir --git-common-dir [11ms]
2023-06-26 10:09:48.839 [info] Open repository: /home/BenjiSomur/Documents/Projects/javascript/nodejs/complete-node-bootcamp
2023-06-26 10:09:48.861 [info] > git rev-parse --show-toplevel [10ms]
2023-06-26 10:09:48.861 [info] fatal: not a git repository (or any parent up to mount point /)
Stopping at filesystem boundary (GIT_DISCOVERY_ACROSS_FILESYSTEM not set).
2023-06-26 10:09:48.872 [info] > git rev-parse --show-toplevel [3ms]
2023-06-26 10:09:48.872 [info] fatal: not a git repository (or any parent up to mount point /)
Stopping at filesystem boundary (GIT_DISCOVERY_ACROSS_FILESYSTEM not set).
2023-06-26 10:09:48.881 [info] > git config --get commit.template [20ms]
2023-06-26 10:09:48.900 [info] > git rev-parse --show-toplevel [20ms]
2023-06-26 10:09:48.900 [info] fatal: not a git repository (or any parent up to mount point /)
Stopping at filesystem boundary (GIT_DISCOVERY_ACROSS_FILESYSTEM not set).
2023-06-26 10:09:48.913 [info] > git rev-parse --show-toplevel [1ms]
2023-06-26 10:09:48.914 [info] fatal: not a git repository (or any parent up to mount point /)
Stopping at filesystem boundary (GIT_DISCOVERY_ACROSS_FILESYSTEM not set).
2023-06-26 10:09:48.922 [info] > git for-each-ref --format=%(refname)%00%(upstream:short)%00%(objectname)%00%(upstream:track)%00%(upstream:remotename)%00%(upstream:remoteref) refs/heads/master refs/remotes/master [23ms]
2023-06-26 10:09:48.932 [info] > git rev-parse --show-toplevel [10ms]
2023-06-26 10:09:48.932 [info] fatal: not a git repository (or any parent up to mount point /)
Stopping at filesystem boundary (GIT_DISCOVERY_ACROSS_FILESYSTEM not set).
2023-06-26 10:09:48.944 [info] > git rev-parse --show-toplevel [2ms]
2023-06-26 10:09:48.944 [info] fatal: not a git repository (or any parent up to mount point /)
Stopping at filesystem boundary (GIT_DISCOVERY_ACROSS_FILESYSTEM not set).
2023-06-26 10:09:48.960 [info] > git rev-parse --show-toplevel [7ms]
2023-06-26 10:09:48.960 [info] fatal: not a git repository (or any parent up to mount point /)
Stopping at filesystem boundary (GIT_DISCOVERY_ACROSS_FILESYSTEM not set).
2023-06-26 10:09:48.972 [info] > git rev-parse --show-toplevel [2ms]
2023-06-26 10:09:48.972 [info] fatal: not a git repository (or any parent up to mount point /)
Stopping at filesystem boundary (GIT_DISCOVERY_ACROSS_FILESYSTEM not set).
2023-06-26 10:09:48.996 [info] > git rev-parse --show-toplevel [15ms]
2023-06-26 10:09:49.008 [info] > git rev-parse --show-toplevel [3ms]
2023-06-26 10:09:49.008 [info] fatal: not a git repository (or any of the parent directories): .git
2023-06-26 10:09:49.144 [info] > git status -z -uall [310ms]
2023-06-26 10:09:49.145 [info] > git check-ignore -v -z --stdin [17ms]
2023-06-26 10:09:49.151 [info] > git rev-parse --show-toplevel [133ms]
2023-06-26 10:09:49.151 [info] fatal: not a git repository (or any of the parent directories): .git
2023-06-26 10:09:49.184 [info] > git check-ignore -v -z --stdin [49ms]
2023-06-26 10:09:49.185 [info] > git rev-parse --show-toplevel [22ms]
2023-06-26 10:09:49.185 [info] fatal: not a git repository (or any of the parent directories): .git
2023-06-26 10:09:50.149 [info] > git config --get commit.template [974ms]
2023-06-26 10:09:51.834 [info] > git status -z -uall [3152ms] (cancelled)
2023-06-26 10:09:51.834 [info] > git status -z -uall [2903ms]
2023-06-26 10:09:51.838 [info] > git rev-parse --show-toplevel [2641ms]
2023-06-26 10:09:51.838 [info] fatal: not a git repository (or any of the parent directories): .git
2023-06-26 10:09:51.901 [info] > git rev-parse --show-toplevel [50ms]
2023-06-26 10:09:51.901 [info] fatal: not a git repository (or any of the parent directories): .git
2023-06-26 10:09:51.911 [info] > git config --get commit.template [80ms]
2023-06-26 10:09:51.931 [info] > git rev-parse --show-toplevel [21ms]
2023-06-26 10:09:51.948 [info] > git config --get commit.template [52ms]
2023-06-26 10:09:51.949 [info] > git for-each-ref --format=%(refname)%00%(upstream:short)%00%(objectname)%00%(upstream:track)%00%(upstream:remotename)%00%(upstream:remoteref) refs/heads/master refs/remotes/master [75ms]
2023-06-26 10:09:51.987 [info] > git rev-parse --show-toplevel [39ms]
2023-06-26 10:09:52.157 [info] > git rev-parse --show-toplevel [156ms]
2023-06-26 10:09:52.157 [info] fatal: not a git repository (or any parent up to mount point /)
Stopping at filesystem boundary (GIT_DISCOVERY_ACROSS_FILESYSTEM not set).
2023-06-26 10:09:52.168 [info] > git for-each-ref --format=%(refname)%00%(upstream:short)%00%(objectname)%00%(upstream:track)%00%(upstream:remotename)%00%(upstream:remoteref) refs/heads/main refs/remotes/main [186ms]
2023-06-26 10:09:52.198 [info] > git status -z -uall [234ms]
2023-06-26 10:09:52.199 [info] > git rev-parse --show-toplevel [32ms]
2023-06-26 10:09:52.199 [info] fatal: not a git repository (or any parent up to mount point /)
Stopping at filesystem boundary (GIT_DISCOVERY_ACROSS_FILESYSTEM not set).
2023-06-26 10:09:52.219 [info] > git for-each-ref --format=%(refname)%00%(upstream:short)%00%(objectname)%00%(upstream:track)%00%(upstream:remotename)%00%(upstream:remoteref) refs/heads/master refs/remotes/master [64ms]
2023-06-26 10:09:52.234 [info] > git rev-parse --show-toplevel [16ms]
2023-06-26 10:09:52.234 [info] fatal: not a git repository (or any parent up to mount point /)
Stopping at filesystem boundary (GIT_DISCOVERY_ACROSS_FILESYSTEM not set).
2023-06-26 10:09:52.525 [info] > git status -z -uall [297ms]
2023-06-26 10:09:54.659 [info] > git status -z -uall [2479ms] (cancelled)
2023-06-26 10:09:54.673 [info] > git check-ignore -v -z --stdin [26ms]
2023-06-26 10:09:55.287 [info] > git check-ignore -v -z --stdin [2ms]
2023-06-26 10:09:56.003 [info] > git check-ignore -v -z --stdin [3ms]
2023-06-26 10:09:57.613 [info] > git show --textconv :app/public/DEEV/dashboard/header.php [19ms]
2023-06-26 10:09:57.616 [info] > git ls-files --stage -- /home/BenjiSomur/Documents/Master/4period/LANIA/DGEU/Convocatoria/dgeu-deev/app/public/DEEV/dashboard/header.php [3ms]
2023-06-26 10:09:57.647 [info] > git cat-file -s b670dc529d93213dd9a160e75e104dc1a34e36a3 [15ms]
2023-06-26 10:10:11.107 [info] > git show --textconv :app/public/DEEV/index.html [22ms]
2023-06-26 10:10:11.108 [info] > git ls-files --stage -- /home/BenjiSomur/Documents/Master/4period/LANIA/DGEU/Convocatoria/dgeu-deev/app/public/DEEV/index.html [2ms]
2023-06-26 10:10:11.125 [info] > git cat-file -s 1f8fa4547cec731851c89e001df97c89a6dfc343 [1ms]
2023-06-26 10:10:20.681 [info] > git show --textconv :app/public/DEEV/dashboard/footer.php [9ms]
2023-06-26 10:10:20.682 [info] > git ls-files --stage -- /home/BenjiSomur/Documents/Master/4period/LANIA/DGEU/Convocatoria/dgeu-deev/app/public/DEEV/dashboard/footer.php [2ms]
2023-06-26 10:10:20.692 [info] > git cat-file -s c390e872050054da323a4a93a7c23ab4f11a7909 [1ms]
2023-06-26 10:10:23.188 [info] > git show --textconv :app/public/DEEV/dashboard/header.php [20ms]
2023-06-26 10:10:23.190 [info] > git ls-files --stage -- /home/BenjiSomur/Documents/Master/4period/LANIA/DGEU/Convocatoria/dgeu-deev/app/public/DEEV/dashboard/header.php [3ms]
2023-06-26 10:10:23.203 [info] > git cat-file -s b670dc529d93213dd9a160e75e104dc1a34e36a3 [2ms]
2023-06-26 11:24:17.887 [info] > git check-ignore -v -z --stdin [4ms]
2023-06-26 11:24:19.652 [info] > git check-ignore -v -z --stdin [2ms]
2023-06-26 11:24:22.441 [info] > git check-ignore -v -z --stdin [2ms]
