May 15, 2023 1:12:30 PM org.eclipse.lemminx.XMLLanguageServer initialize
INFO: Initializing XML Language server
LemMinX Server info:
 - Version : 0.25.0
 - Java : /usr/lib/jvm/java-17-openjdk-17.0.6.0.10-1.fc37.x86_64
 - VM Version : 17.0.6
 - Git 765874d - [maven-release-plugin] prepare release 0.25.0
May 15, 2023 9:10:00 PM org.eclipse.lemminx.XMLLanguageServer initialize
INFO: Initializing XML Language server
LemMinX Server info:
 - Version : 0.25.0
 - Java : /usr/lib/jvm/java-17-openjdk-17.0.6.0.10-1.fc37.x86_64
 - VM Version : 17.0.6
 - Git 765874d - [maven-release-plugin] prepare release 0.25.0
May 17, 2023 9:34:50 AM org.eclipse.lemminx.XMLLanguageServer initialize
INFO: Initializing XML Language server
LemMinX Server info:
 - Version : 0.25.0
 - Java : /usr/lib/jvm/java-17-openjdk-17.0.6.0.10-1.fc37.x86_64
 - VM Version : 17.0.6
 - Git 765874d - [maven-release-plugin] prepare release 0.25.0
May 17, 2023 10:46:49 AM org.eclipse.lemminx.XMLLanguageServer initialize
INFO: Initializing XML Language server
LemMinX Server info:
 - Version : 0.25.0
 - Java : /usr/lib/jvm/java-17-openjdk-17.0.6.0.10-1.fc37.x86_64
 - VM Version : 17.0.6
 - Git 765874d - [maven-release-plugin] prepare release 0.25.0
