2023-06-24 14:54:12.739 [info] Experiment 'pythonPromptNewFormatterExt' is active
2023-06-24 14:54:12.739 [info] Experiment 'pythonPromptNewToolsExt' is active
2023-06-24 14:54:12.739 [info] Experiment 'pythonSurveyNotificationcf' is active
2023-06-24 14:54:12.800 [info] Test server listening.
2023-06-24 14:54:12.834 [info] > ~/anaconda3/bin/ info --json
2023-06-24 14:54:12.863 [info] > conda info --json
2023-06-24 14:54:12.866 [info] Python interpreter path: /bin/python
2023-06-24 14:54:13.241 [info] Found: /bin/python --> /bin/python3.11
2023-06-24 14:54:13.280 [info] Found: /bin/python2 --> /bin/python2.7
2023-06-24 14:54:13.305 [info] Found: /bin/python2.7 --> /bin/python2.7
2023-06-24 14:54:13.327 [info] Found: /bin/python3 --> /bin/python3.11
2023-06-24 14:54:13.334 [info] Found: /bin/python3.11 --> /bin/python3.11
2023-06-24 14:54:13.393 [info] Found: /usr/bin/python --> /usr/bin/python3.11
2023-06-24 14:54:13.394 [info] Found: /usr/bin/python2 --> /usr/bin/python2.7
2023-06-24 14:54:13.394 [info] Found: /usr/bin/python2.7 --> /usr/bin/python2.7
2023-06-24 14:54:13.394 [info] Found: /usr/bin/python3 --> /usr/bin/python3.11
2023-06-24 14:54:13.394 [info] Found: /usr/bin/python3.11 --> /usr/bin/python3.11
2023-06-24 14:54:13.461 [info] > /bin/python -I ~/.vscode/extensions/ms-python.python-2023.10.1/pythonFiles/get_output_via_markers.py ~/.vscode/extensions/ms-python.python-2023.10.1/pythonFiles/interpreterInfo.py
2023-06-24 14:54:13.526 [info] Python interpreter path: ~/anaconda3/envs/general/bin/python
2023-06-24 14:54:13.552 [info] > /bin/python2 -I ~/.vscode/extensions/ms-python.python-2023.10.1/pythonFiles/get_output_via_markers.py ~/.vscode/extensions/ms-python.python-2023.10.1/pythonFiles/interpreterInfo.py
2023-06-24 14:54:13.579 [warning] [Error: Command failed: /bin/python2 -I /home/BenjiSomur/.vscode/extensions/ms-python.python-2023.10.1/pythonFiles/get_output_via_markers.py /home/BenjiSomur/.vscode/extensions/ms-python.python-2023.10.1/pythonFiles/interpreterInfo.py
Unknown option: -I
usage: /bin/python2 [option] ... [-c cmd | -m mod | file | -] [arg] ...
Try `python -h' for more information.

	at ChildProcess.exithandler (node:child_process:409:12)
	at ChildProcess.emit (node:events:513:28)
	at maybeClose (node:internal/child_process:1121:16)
	at Socket.<anonymous> (node:internal/child_process:479:11)
	at Socket.emit (node:events:513:28)
	at Pipe.<anonymous> (node:net:757:14)] {
  code: 2,
  killed: false,
  signal: null,
  cmd: '/bin/python2 -I /home/BenjiSomur/.vscode/extensions/ms-python.python-2023.10.1/pythonFiles/get_output_via_markers.py /home/BenjiSomur/.vscode/extensions/ms-python.python-2023.10.1/pythonFiles/interpreterInfo.py'
}
2023-06-24 14:54:13.579 [error] Support for Python 2.7 has been dropped by the Python extension so certain features may not work, upgrade to using Python 3.
2023-06-24 14:54:13.600 [info] > /bin/python2 ~/.vscode/extensions/ms-python.python-2023.10.1/pythonFiles/get_output_via_markers.py ~/.vscode/extensions/ms-python.python-2023.10.1/pythonFiles/interpreterInfo.py
2023-06-24 14:54:13.636 [info] > /usr/bin/python -I ~/.vscode/extensions/ms-python.python-2023.10.1/pythonFiles/get_output_via_markers.py ~/.vscode/extensions/ms-python.python-2023.10.1/pythonFiles/interpreterInfo.py
2023-06-24 14:54:13.674 [info] > /usr/bin/python2 -I ~/.vscode/extensions/ms-python.python-2023.10.1/pythonFiles/get_output_via_markers.py ~/.vscode/extensions/ms-python.python-2023.10.1/pythonFiles/interpreterInfo.py
2023-06-24 14:54:13.678 [warning] [Error: Command failed: /usr/bin/python2 -I /home/BenjiSomur/.vscode/extensions/ms-python.python-2023.10.1/pythonFiles/get_output_via_markers.py /home/BenjiSomur/.vscode/extensions/ms-python.python-2023.10.1/pythonFiles/interpreterInfo.py
Unknown option: -I
usage: /usr/bin/python2 [option] ... [-c cmd | -m mod | file | -] [arg] ...
Try `python -h' for more information.

	at ChildProcess.exithandler (node:child_process:409:12)
	at ChildProcess.emit (node:events:513:28)
	at maybeClose (node:internal/child_process:1121:16)
	at Socket.<anonymous> (node:internal/child_process:479:11)
	at Socket.emit (node:events:513:28)
	at Pipe.<anonymous> (node:net:757:14)] {
  code: 2,
  killed: false,
  signal: null,
  cmd: '/usr/bin/python2 -I /home/BenjiSomur/.vscode/extensions/ms-python.python-2023.10.1/pythonFiles/get_output_via_markers.py /home/BenjiSomur/.vscode/extensions/ms-python.python-2023.10.1/pythonFiles/interpreterInfo.py'
}
2023-06-24 14:54:13.678 [error] Support for Python 2.7 has been dropped by the Python extension so certain features may not work, upgrade to using Python 3.
2023-06-24 14:54:13.703 [info] > /usr/bin/python2 ~/.vscode/extensions/ms-python.python-2023.10.1/pythonFiles/get_output_via_markers.py ~/.vscode/extensions/ms-python.python-2023.10.1/pythonFiles/interpreterInfo.py
2023-06-24 14:54:13.919 [info] > ~/anaconda3/bin/python -I ~/.vscode/extensions/ms-python.python-2023.10.1/pythonFiles/get_output_via_markers.py ~/.vscode/extensions/ms-python.python-2023.10.1/pythonFiles/interpreterInfo.py
2023-06-24 14:54:13.947 [info] > ~/anaconda3/envs/general/bin/python -I ~/.vscode/extensions/ms-python.python-2023.10.1/pythonFiles/get_output_via_markers.py ~/.vscode/extensions/ms-python.python-2023.10.1/pythonFiles/interpreterInfo.py
2023-06-24 14:54:15.222 [info] Starting Pylance language server.
