2023-06-24 14:54:13.280 [info] Name: autopep8
2023-06-24 14:54:13.280 [info] Module: autopep8
2023-06-24 14:54:13.280 [info] Python extension loading
2023-06-24 14:54:13.280 [info] Waiting for interpreter from python extension.
2023-06-24 14:54:13.280 [info] Python extension loaded
2023-06-24 14:54:13.280 [info] Server run command: /bin/python /home/BenjiSomur/.vscode/extensions/ms-python.autopep8-2023.4.0/bundled/tool/lsp_server.py
2023-06-24 14:54:13.280 [info] Server: Start requested.
2023-06-24 14:54:14.128 [info] CWD Server: /opt/lampp/htdocs
2023-06-24 14:54:14.133 [info] sys.path used to run Server:
   /home/BenjiSomur/.vscode/extensions/ms-python.autopep8-2023.4.0/bundled/libs
   /home/BenjiSomur/.vscode/extensions/ms-python.autopep8-2023.4.0/bundled/tool
   /usr/lib64/python311.zip
   /usr/lib64/python3.11
   /usr/lib64/python3.11/lib-dynload
   /usr/lib64/python3.11/site-packages
   /usr/lib/python3.11/site-packages
2023-06-24 14:54:14.159 [info] PYTHONPATH env variable used to run Server:
   /home/BenjiSomur/.vscode/extensions/ms-python.autopep8-2023.4.0/bundled/libs:
2023-06-24 14:54:14.171 [info] Settings used to run Server:
[
    {
        "cwd": "/home/BenjiSomur/Documents/Projects/javascript",
        "workspace": "file:///home/BenjiSomur/Documents/Projects/javascript",
        "args": [],
        "path": [],
        "interpreter": [
            "/bin/python"
        ],
        "importStrategy": "useBundled",
        "showNotifications": "onWarning"
    },
    {
        "cwd": "/home/BenjiSomur/Documents/Projects/javascript/nodejs",
        "workspace": "file:///home/BenjiSomur/Documents/Projects/javascript/nodejs",
        "args": [],
        "path": [],
        "interpreter": [
            "/bin/python"
        ],
        "importStrategy": "useBundled",
        "showNotifications": "onWarning"
    },
    {
        "cwd": "/home/BenjiSomur/Documents/Projects/javascript/nodejs/loppbacktests",
        "workspace": "file:///home/BenjiSomur/Documents/Projects/javascript/nodejs/loppbacktests",
        "args": [],
        "path": [],
        "interpreter": [
            "/bin/python"
        ],
        "importStrategy": "useBundled",
        "showNotifications": "onWarning"
    },
    {
        "cwd": "/home/BenjiSomur/Documents/Master/4period/LANIA/DGEU/Convocatoria/Prototipo",
        "workspace": "file:///home/BenjiSomur/Documents/Master/4period/LANIA/DGEU/Convocatoria/Prototipo",
        "args": [],
        "path": [],
        "interpreter": [
            "/bin/python"
        ],
        "importStrategy": "useBundled",
        "showNotifications": "onWarning"
    },
    {
        "cwd": "/home/BenjiSomur/Documents/Projects/docker",
        "workspace": "file:///home/BenjiSomur/Documents/Projects/docker",
        "args": [],
        "path": [],
        "interpreter": [
            "/bin/python"
        ],
        "importStrategy": "useBundled",
        "showNotifications": "onWarning"
    },
    {
        "cwd": "/home/BenjiSomur/Documents/Master/4period/LANIA/DGEU/Convocatoria/dgeu-deev",
        "workspace": "file:///home/BenjiSomur/Documents/Master/4period/LANIA/DGEU/Convocatoria/dgeu-deev",
        "args": [],
        "path": [],
        "interpreter": [
            "/bin/python"
        ],
        "importStrategy": "useBundled",
        "showNotifications": "onWarning"
    },
    {
        "cwd": "/opt/lampp/htdocs",
        "workspace": "file:///opt/lampp/htdocs",
        "args": [],
        "path": [],
        "interpreter": [
            "/bin/python"
        ],
        "importStrategy": "useBundled",
        "showNotifications": "onWarning"
    },
    {
        "cwd": "/home/BenjiSomur/Documents/Master/Research project/HEGAcluster/HEGACluster",
        "workspace": "file:///home/BenjiSomur/Documents/Master/Research%20project/HEGAcluster/HEGACluster",
        "args": [],
        "path": [],
        "interpreter": [
            "/home/BenjiSomur/anaconda3/envs/general/bin/python"
        ],
        "importStrategy": "useBundled",
        "showNotifications": "onWarning"
    },
    {
        "cwd": "/home/BenjiSomur/Documents/Master/Research project/HEGAcluster/training",
        "workspace": "file:///home/BenjiSomur/Documents/Master/Research%20project/HEGAcluster/training",
        "args": [],
        "path": [],
        "interpreter": [
            "/home/BenjiSomur/anaconda3/envs/general/bin/python"
        ],
        "importStrategy": "useBundled",
        "showNotifications": "onWarning"
    }
]

2023-06-24 14:54:14.177 [info] Global settings:
{
    "cwd": "/home/BenjiSomur",
    "workspace": "/home/BenjiSomur",
    "args": [],
    "path": [],
    "interpreter": [],
    "importStrategy": "useBundled",
    "showNotifications": "onWarning"
}

2023-06-24 14:54:14.180 [info] /bin/python -m autopep8 --version
2023-06-24 14:54:14.184 [info] CWD Server: /home/BenjiSomur/Documents/Projects/javascript
2023-06-24 14:54:14.194 [info] Version info for formatter running for /home/BenjiSomur/Documents/Projects/javascript:
autopep8 2.0.2 (pycodestyle: 2.10.0)

2023-06-24 14:54:14.194 [info] SUPPORTED autopep8>=1.7.0
FOUND autopep8==2.0.2

2023-06-24 14:54:14.194 [info] /bin/python -m autopep8 --version
2023-06-24 14:54:14.194 [info] CWD Server: /home/BenjiSomur/Documents/Projects/javascript/nodejs
2023-06-24 14:54:14.249 [info] Version info for formatter running for /home/BenjiSomur/Documents/Projects/javascript/nodejs:
autopep8 2.0.2 (pycodestyle: 2.10.0)

2023-06-24 14:54:14.249 [info] SUPPORTED autopep8>=1.7.0
FOUND autopep8==2.0.2

2023-06-24 14:54:14.250 [info] /bin/python -m autopep8 --version
2023-06-24 14:54:14.250 [info] CWD Server: /home/BenjiSomur/Documents/Projects/javascript/nodejs/loppbacktests
2023-06-24 14:54:14.310 [info] Version info for formatter running for /home/BenjiSomur/Documents/Projects/javascript/nodejs/loppbacktests:
autopep8 2.0.2 (pycodestyle: 2.10.0)

2023-06-24 14:54:14.311 [info] SUPPORTED autopep8>=1.7.0
FOUND autopep8==2.0.2

2023-06-24 14:54:14.311 [info] /bin/python -m autopep8 --version
2023-06-24 14:54:14.311 [info] CWD Server: /home/BenjiSomur/Documents/Master/4period/LANIA/DGEU/Convocatoria/Prototipo
2023-06-24 14:54:14.366 [info] Version info for formatter running for /home/BenjiSomur/Documents/Master/4period/LANIA/DGEU/Convocatoria/Prototipo:
autopep8 2.0.2 (pycodestyle: 2.10.0)

2023-06-24 14:54:14.366 [info] SUPPORTED autopep8>=1.7.0
FOUND autopep8==2.0.2

2023-06-24 14:54:14.366 [info] /bin/python -m autopep8 --version
2023-06-24 14:54:14.366 [info] CWD Server: /home/BenjiSomur/Documents/Projects/docker
2023-06-24 14:54:14.418 [info] Version info for formatter running for /home/BenjiSomur/Documents/Projects/docker:
autopep8 2.0.2 (pycodestyle: 2.10.0)

2023-06-24 14:54:14.418 [info] SUPPORTED autopep8>=1.7.0
FOUND autopep8==2.0.2

2023-06-24 14:54:14.418 [info] /bin/python -m autopep8 --version
2023-06-24 14:54:14.418 [info] CWD Server: /home/BenjiSomur/Documents/Master/4period/LANIA/DGEU/Convocatoria/dgeu-deev
2023-06-24 14:54:14.470 [info] Version info for formatter running for /home/BenjiSomur/Documents/Master/4period/LANIA/DGEU/Convocatoria/dgeu-deev:
autopep8 2.0.2 (pycodestyle: 2.10.0)

2023-06-24 14:54:14.470 [info] SUPPORTED autopep8>=1.7.0
FOUND autopep8==2.0.2

2023-06-24 14:54:14.470 [info] /bin/python -m autopep8 --version
2023-06-24 14:54:14.470 [info] CWD Server: /opt/lampp/htdocs
2023-06-24 14:54:14.524 [info] Version info for formatter running for /opt/lampp/htdocs:
autopep8 2.0.2 (pycodestyle: 2.10.0)

2023-06-24 14:54:14.524 [info] SUPPORTED autopep8>=1.7.0
FOUND autopep8==2.0.2

2023-06-24 14:54:14.524 [info] /bin/python -m autopep8 --version
2023-06-24 14:54:14.524 [info] CWD Server: /home/BenjiSomur/Documents/Master/Research project/HEGAcluster/HEGACluster
2023-06-24 14:54:14.578 [info] Version info for formatter running for /home/BenjiSomur/Documents/Master/Research project/HEGAcluster/HEGACluster:
autopep8 2.0.2 (pycodestyle: 2.10.0)

2023-06-24 14:54:14.578 [info] SUPPORTED autopep8>=1.7.0
FOUND autopep8==2.0.2

2023-06-24 14:54:14.578 [info] /bin/python -m autopep8 --version
2023-06-24 14:54:14.578 [info] CWD Server: /home/BenjiSomur/Documents/Master/Research project/HEGAcluster/training
2023-06-24 14:54:14.655 [info] Version info for formatter running for /home/BenjiSomur/Documents/Master/Research project/HEGAcluster/training:
autopep8 2.0.2 (pycodestyle: 2.10.0)

2023-06-24 14:54:14.655 [info] SUPPORTED autopep8>=1.7.0
FOUND autopep8==2.0.2

2023-06-24 14:54:14.655 [info] /bin/python -m autopep8 --version
2023-06-24 14:54:14.655 [info] CWD Server: /home/BenjiSomur/Documents/Projects/javascript
2023-06-24 14:54:14.702 [info] Version info for formatter running for /home/BenjiSomur/Documents/Projects/javascript:
autopep8 2.0.2 (pycodestyle: 2.10.0)

2023-06-24 14:54:14.702 [info] SUPPORTED autopep8>=1.7.0
FOUND autopep8==2.0.2

2023-06-24 14:54:14.702 [info] /bin/python -m autopep8 --version
2023-06-24 14:54:14.702 [info] CWD Server: /home/BenjiSomur/Documents/Projects/javascript/nodejs
2023-06-24 14:54:14.758 [info] Version info for formatter running for /home/BenjiSomur/Documents/Projects/javascript/nodejs:
autopep8 2.0.2 (pycodestyle: 2.10.0)

2023-06-24 14:54:14.758 [info] SUPPORTED autopep8>=1.7.0
FOUND autopep8==2.0.2

2023-06-24 14:54:14.758 [info] /bin/python -m autopep8 --version
2023-06-24 14:54:14.758 [info] CWD Server: /home/BenjiSomur/Documents/Projects/javascript/nodejs/loppbacktests
2023-06-24 14:54:14.820 [info] Version info for formatter running for /home/BenjiSomur/Documents/Projects/javascript/nodejs/loppbacktests:
autopep8 2.0.2 (pycodestyle: 2.10.0)

2023-06-24 14:54:14.820 [info] SUPPORTED autopep8>=1.7.0
FOUND autopep8==2.0.2

2023-06-24 14:54:14.820 [info] /bin/python -m autopep8 --version
2023-06-24 14:54:14.820 [info] CWD Server: /home/BenjiSomur/Documents/Master/4period/LANIA/DGEU/Convocatoria/Prototipo
2023-06-24 14:54:14.878 [info] Version info for formatter running for /home/BenjiSomur/Documents/Master/4period/LANIA/DGEU/Convocatoria/Prototipo:
autopep8 2.0.2 (pycodestyle: 2.10.0)

2023-06-24 14:54:14.878 [info] SUPPORTED autopep8>=1.7.0
FOUND autopep8==2.0.2

2023-06-24 14:54:14.878 [info] /bin/python -m autopep8 --version
2023-06-24 14:54:14.878 [info] CWD Server: /home/BenjiSomur/Documents/Projects/docker
2023-06-24 14:54:14.935 [info] Version info for formatter running for /home/BenjiSomur/Documents/Projects/docker:
autopep8 2.0.2 (pycodestyle: 2.10.0)

2023-06-24 14:54:14.935 [info] SUPPORTED autopep8>=1.7.0
FOUND autopep8==2.0.2

2023-06-24 14:54:14.935 [info] /bin/python -m autopep8 --version
2023-06-24 14:54:14.935 [info] CWD Server: /home/BenjiSomur/Documents/Master/4period/LANIA/DGEU/Convocatoria/dgeu-deev
2023-06-24 14:54:14.992 [info] Version info for formatter running for /home/BenjiSomur/Documents/Master/4period/LANIA/DGEU/Convocatoria/dgeu-deev:
autopep8 2.0.2 (pycodestyle: 2.10.0)

2023-06-24 14:54:14.992 [info] SUPPORTED autopep8>=1.7.0
FOUND autopep8==2.0.2

2023-06-24 14:54:14.992 [info] /bin/python -m autopep8 --version
2023-06-24 14:54:14.993 [info] CWD Server: /opt/lampp/htdocs
2023-06-24 14:54:15.050 [info] Version info for formatter running for /opt/lampp/htdocs:
autopep8 2.0.2 (pycodestyle: 2.10.0)

2023-06-24 14:54:15.050 [info] SUPPORTED autopep8>=1.7.0
FOUND autopep8==2.0.2

2023-06-24 14:54:15.050 [info] /bin/python -m autopep8 --version
2023-06-24 14:54:15.050 [info] CWD Server: /home/BenjiSomur/Documents/Master/Research project/HEGAcluster/HEGACluster
2023-06-24 14:54:15.112 [info] Version info for formatter running for /home/BenjiSomur/Documents/Master/Research project/HEGAcluster/HEGACluster:
autopep8 2.0.2 (pycodestyle: 2.10.0)

2023-06-24 14:54:15.112 [info] SUPPORTED autopep8>=1.7.0
FOUND autopep8==2.0.2

2023-06-24 14:54:15.113 [info] /bin/python -m autopep8 --version
2023-06-24 14:54:15.113 [info] CWD Server: /home/BenjiSomur/Documents/Master/Research project/HEGAcluster/training
2023-06-24 14:54:15.174 [info] Version info for formatter running for /home/BenjiSomur/Documents/Master/Research project/HEGAcluster/training:
autopep8 2.0.2 (pycodestyle: 2.10.0)

2023-06-24 14:54:15.174 [info] SUPPORTED autopep8>=1.7.0
FOUND autopep8==2.0.2

2023-06-24 14:58:38.256 [info] [Trace - 2:58:38 PM] Sending request 'shutdown - (1)'.
2023-06-24 14:58:38.276 [info] [Trace - 2:58:38 PM] Received response 'shutdown - (1)' in 34ms.
2023-06-24 14:58:38.276 [info] [Trace - 2:58:38 PM] Sending notification 'exit'.
